<?xml version="1.0" encoding="UTF-8"?>
<robot generator="Robot 5.0.1 (Python 3.9.13 on win32)" generated="20230822 09:43:53.669" rpa="true" schemaversion="3">
<suite id="s1" name="Tasks" source="c:\Users\E1450357\Desktop\my-rsb-robot\orders\tasks.robot">
<test id="s1-t1" name="Order robots from RobotSpareBin Industries Inc" line="22">
<kw name="Open the robot order website">
<kw name="Create Directory" library="OperatingSystem">
<arg>c:\\Users\\E1450357\\Desktop\\my-rsb-robot\\orders${/}output</arg>
<doc>Creates the specified directory.</doc>
<msg timestamp="20230822 09:44:05.911" level="INFO" html="true">Created directory '&lt;a href="file://c:\Users\E1450357\Desktop\my-rsb-robot\orders\output"&gt;c:\Users\E1450357\Desktop\my-rsb-robot\orders\output&lt;/a&gt;'.</msg>
<status status="PASS" starttime="20230822 09:44:05.908" endtime="20230822 09:44:05.914"/>
</kw>
<kw name="Create Directory" library="OperatingSystem">
<arg>c:\\Users\\E1450357\\Desktop\\my-rsb-robot\\orders${/}image_files</arg>
<doc>Creates the specified directory.</doc>
<msg timestamp="20230822 09:44:05.917" level="INFO" html="true">Directory '&lt;a href="file://c:\Users\E1450357\Desktop\my-rsb-robot\orders\image_files"&gt;c:\Users\E1450357\Desktop\my-rsb-robot\orders\image_files&lt;/a&gt;' already exists.</msg>
<status status="PASS" starttime="20230822 09:44:05.915" endtime="20230822 09:44:05.917"/>
</kw>
<kw name="Create Directory" library="OperatingSystem">
<arg>c:\\Users\\E1450357\\Desktop\\my-rsb-robot\\orders${/}pdf_files</arg>
<doc>Creates the specified directory.</doc>
<msg timestamp="20230822 09:44:05.920" level="INFO" html="true">Directory '&lt;a href="file://c:\Users\E1450357\Desktop\my-rsb-robot\orders\pdf_files"&gt;c:\Users\E1450357\Desktop\my-rsb-robot\orders\pdf_files&lt;/a&gt;' already exists.</msg>
<status status="PASS" starttime="20230822 09:44:05.918" endtime="20230822 09:44:05.920"/>
</kw>
<kw name="Empty Directory" library="OperatingSystem">
<arg>c:\\Users\\E1450357\\Desktop\\my-rsb-robot\\orders${/}image_files</arg>
<doc>Deletes all the content from the given directory.</doc>
<msg timestamp="20230822 09:44:05.922" level="INFO" html="true">Listing contents of directory '&lt;a href="file://c:\Users\E1450357\Desktop\my-rsb-robot\orders\image_files"&gt;c:\Users\E1450357\Desktop\my-rsb-robot\orders\image_files&lt;/a&gt;'.</msg>
<msg timestamp="20230822 09:44:05.923" level="INFO" html="true">Emptied directory '&lt;a href="file://c:\Users\E1450357\Desktop\my-rsb-robot\orders\image_files"&gt;c:\Users\E1450357\Desktop\my-rsb-robot\orders\image_files&lt;/a&gt;'.</msg>
<status status="PASS" starttime="20230822 09:44:05.921" endtime="20230822 09:44:05.924"/>
</kw>
<kw name="Empty Directory" library="OperatingSystem">
<arg>c:\\Users\\E1450357\\Desktop\\my-rsb-robot\\orders${/}pdf_files</arg>
<doc>Deletes all the content from the given directory.</doc>
<msg timestamp="20230822 09:44:05.926" level="INFO" html="true">Listing contents of directory '&lt;a href="file://c:\Users\E1450357\Desktop\my-rsb-robot\orders\pdf_files"&gt;c:\Users\E1450357\Desktop\my-rsb-robot\orders\pdf_files&lt;/a&gt;'.</msg>
<msg timestamp="20230822 09:44:05.927" level="INFO" html="true">Emptied directory '&lt;a href="file://c:\Users\E1450357\Desktop\my-rsb-robot\orders\pdf_files"&gt;c:\Users\E1450357\Desktop\my-rsb-robot\orders\pdf_files&lt;/a&gt;'.</msg>
<status status="PASS" starttime="20230822 09:44:05.925" endtime="20230822 09:44:05.928"/>
</kw>
<kw name="Empty Directory" library="OperatingSystem">
<arg>c:\\Users\\E1450357\\Desktop\\my-rsb-robot\\orders${/}output</arg>
<doc>Deletes all the content from the given directory.</doc>
<msg timestamp="20230822 09:44:05.930" level="INFO" html="true">Listing contents of directory '&lt;a href="file://c:\Users\E1450357\Desktop\my-rsb-robot\orders\output"&gt;c:\Users\E1450357\Desktop\my-rsb-robot\orders\output&lt;/a&gt;'.</msg>
<msg timestamp="20230822 09:44:05.931" level="INFO" html="true">Emptied directory '&lt;a href="file://c:\Users\E1450357\Desktop\my-rsb-robot\orders\output"&gt;c:\Users\E1450357\Desktop\my-rsb-robot\orders\output&lt;/a&gt;'.</msg>
<status status="PASS" starttime="20230822 09:44:05.929" endtime="20230822 09:44:05.932"/>
</kw>
<kw name="Open Available Browser" library="RPA.Browser.Selenium">
<arg>https://robotsparebinindustries.com/#/robot-order</arg>
<doc>Attempts to open a browser on the user's device from a set of
supported browsers. Automatically downloads a corresponding webdriver
if none is already installed.</doc>
<msg timestamp="20230822 09:44:05.935" level="INFO">Creating an instance of the Chrome WebDriver.</msg>
<msg timestamp="20230822 09:44:11.119" level="INFO">Created Chrome browser with arguments: --disable-dev-shm-usage --disable-web-security --allow-running-insecure-content --no-sandbox</msg>
<msg timestamp="20230822 09:44:11.120" level="INFO" html="true">&lt;p&gt;Attempted combinations:&lt;/p&gt;&lt;div class="doc"&gt;&lt;table&gt;&lt;tr&gt;&lt;th&gt;Browser&lt;/th&gt;&lt;th&gt;Download&lt;/th&gt;&lt;th&gt;Error&lt;/th&gt;&lt;/tr&gt;&lt;tr&gt;&lt;td&gt;Chrome&lt;/td&gt;&lt;td&gt;False&lt;/td&gt;&lt;td&gt;&lt;/td&gt;&lt;/tr&gt;&lt;/table&gt;&lt;/div&gt;</msg>
<msg timestamp="20230822 09:44:11.121" level="INFO">Opening url 'https://robotsparebinindustries.com/#/robot-order'</msg>
<status status="PASS" starttime="20230822 09:44:05.933" endtime="20230822 09:44:13.595"/>
</kw>
<kw name="Maximize Browser Window" library="RPA.Browser.Selenium">
<doc>Maximizes current browser window.</doc>
<status status="PASS" starttime="20230822 09:44:13.596" endtime="20230822 09:44:13.745"/>
</kw>
<status status="PASS" starttime="20230822 09:44:05.906" endtime="20230822 09:44:13.745"/>
</kw>
<kw name="Get orders">
<var>${orders}</var>
<kw name="Download" library="RPA.HTTP">
<arg>https://robotsparebinindustries.com/orders.csv</arg>
<arg>overwrite=True</arg>
<doc>An alias for the ``HTTP Get`` keyword.</doc>
<msg timestamp="20230822 09:44:13.749" level="INFO">Creating a new HTTP session</msg>
<msg timestamp="20230822 09:44:13.749" level="INFO">Creating Session using : alias=rpasession_alias.httpsrobotsparebinindustries.com, url=https://robotsparebinindustries.com, headers={},                     cookies={}, auth=None, timeout=None, proxies=None, verify=True,                     debug=0 </msg>
<status status="PASS" starttime="20230822 09:44:13.747" endtime="20230822 09:44:15.042"/>
</kw>
<kw name="Read table from CSV" library="RPA.Tables">
<var>${table}</var>
<arg>path=c:\\Users\\E1450357\\Desktop\\my-rsb-robot\\orders${/}orders.csv</arg>
<doc>Read a CSV file as a table.</doc>
<msg timestamp="20230822 09:44:15.053" level="INFO">${table} = Table(columns=['Order number', 'Head', 'Body', 'Legs', 'Address'], rows=20)</msg>
<status status="PASS" starttime="20230822 09:44:15.043" endtime="20230822 09:44:15.054"/>
</kw>
<return>
<value>${table}</value>
<status status="PASS" starttime="20230822 09:44:15.055" endtime="20230822 09:44:15.055"/>
</return>
<msg timestamp="20230822 09:44:15.057" level="INFO">${orders} = Table(columns=['Order number', 'Head', 'Body', 'Legs', 'Address'], rows=20)</msg>
<status status="PASS" starttime="20230822 09:44:13.746" endtime="20230822 09:44:15.057"/>
</kw>
<for flavor="IN">
<var>${row}</var>
<value>@{orders}</value>
<iter>
<var name="${row}">{'Order number': '1', 'Head': '1', 'Body': '2', 'Legs': '3', 'Address': 'Address 123'}</var>
<kw name="Close the annoying modal">
<kw name="Wait And Click Button" library="RPA.Browser.Selenium">
<arg>css:button.btn-warning</arg>
<doc>Click button identified by ``locator``, once it becomes visible.</doc>
<msg timestamp="20230822 09:44:15.122" level="INFO">Clicking button 'css:button.btn-warning'.</msg>
<status status="PASS" starttime="20230822 09:44:15.062" endtime="20230822 09:44:15.243"/>
</kw>
<status status="PASS" starttime="20230822 09:44:15.061" endtime="20230822 09:44:15.243"/>
</kw>
<kw name="Fill the form">
<arg>${row}</arg>
<kw name="Wait Until Element Is Visible" library="RPA.Browser.Selenium">
<arg>id:head</arg>
<doc>Waits until the element ``locator`` is visible.</doc>
<status status="PASS" starttime="20230822 09:44:15.245" endtime="20230822 09:44:15.282"/>
</kw>
<kw name="Wait Until Element Is Enabled" library="RPA.Browser.Selenium">
<arg>id:head</arg>
<doc>Waits until the element ``locator`` is enabled.</doc>
<status status="PASS" starttime="20230822 09:44:15.282" endtime="20230822 09:44:15.333"/>
</kw>
<kw name="Set Local Variable" library="BuiltIn">
<arg>${order_no}</arg>
<arg>${order}[Order number]</arg>
<doc>Makes a variable available everywhere within the local scope.</doc>
<msg timestamp="20230822 09:44:15.337" level="INFO">${order_no} = 1</msg>
<status status="PASS" starttime="20230822 09:44:15.334" endtime="20230822 09:44:15.337"/>
</kw>
<kw name="Select From List By Value" library="RPA.Browser.Selenium">
<arg>id:head</arg>
<arg>${order}[Head]</arg>
<doc>Selects options from selection list ``locator`` by ``values``.</doc>
<msg timestamp="20230822 09:44:15.339" level="INFO">Selecting options from selection list 'id:head' by value 1.</msg>
<status status="PASS" starttime="20230822 09:44:15.338" endtime="20230822 09:44:15.477"/>
</kw>
<kw name="Wait Until Element Is Enabled" library="RPA.Browser.Selenium">
<arg>body</arg>
<doc>Waits until the element ``locator`` is enabled.</doc>
<status status="PASS" starttime="20230822 09:44:15.478" endtime="20230822 09:44:15.540"/>
</kw>
<kw name="Select Radio Button" library="RPA.Browser.Selenium">
<arg>body</arg>
<arg>${order}[Body]</arg>
<doc>Sets the radio button group ``group_name`` to ``value``.</doc>
<msg timestamp="20230822 09:44:15.542" level="INFO">Selecting '2' from radio button 'body'.</msg>
<status status="PASS" starttime="20230822 09:44:15.541" endtime="20230822 09:44:15.661"/>
</kw>
<kw name="Wait Until Element Is Enabled" library="RPA.Browser.Selenium">
<arg>css:Input.form-control</arg>
<doc>Waits until the element ``locator`` is enabled.</doc>
<status status="PASS" starttime="20230822 09:44:15.662" endtime="20230822 09:44:15.714"/>
</kw>
<kw name="Input Text" library="RPA.Browser.Selenium">
<arg>css:Input.form-control</arg>
<arg>${order}[Legs]</arg>
<doc>Types the given ``text`` into the text field identified by ``locator``.</doc>
<msg timestamp="20230822 09:44:15.715" level="INFO">Typing text '3' into text field 'css:Input.form-control'.</msg>
<status status="PASS" starttime="20230822 09:44:15.715" endtime="20230822 09:44:15.862"/>
</kw>
<kw name="Wait Until Element Is Enabled" library="RPA.Browser.Selenium">
<arg>id:address</arg>
<doc>Waits until the element ``locator`` is enabled.</doc>
<status status="PASS" starttime="20230822 09:44:15.863" endtime="20230822 09:44:15.906"/>
</kw>
<kw name="Input Text" library="RPA.Browser.Selenium">
<arg>id:address</arg>
<arg>${order}[Address]</arg>
<doc>Types the given ``text`` into the text field identified by ``locator``.</doc>
<msg timestamp="20230822 09:44:15.908" level="INFO">Typing text 'Address 123' into text field 'id:address'.</msg>
<status status="PASS" starttime="20230822 09:44:15.907" endtime="20230822 09:44:16.059"/>
</kw>
<status status="PASS" starttime="20230822 09:44:15.244" endtime="20230822 09:44:16.060"/>
</kw>
<kw name="Wait Until Keyword Succeeds" library="BuiltIn">
<arg>10x</arg>
<arg>2s</arg>
<arg>Preview the robot</arg>
<doc>Runs the specified keyword and retries if it fails.</doc>
<kw name="Preview the robot">
<kw name="Wait And Click Button" library="RPA.Browser.Selenium">
<arg>id:preview</arg>
<doc>Click button identified by ``locator``, once it becomes visible.</doc>
<msg timestamp="20230822 09:44:16.108" level="INFO">Clicking button 'id:preview'.</msg>
<status status="PASS" starttime="20230822 09:44:16.064" endtime="20230822 09:44:16.214"/>
</kw>
<kw name="Wait Until Element Is Enabled" library="RPA.Browser.Selenium">
<arg>id:robot-preview-image</arg>
<doc>Waits until the element ``locator`` is enabled.</doc>
<status status="PASS" starttime="20230822 09:44:16.215" endtime="20230822 09:44:16.258"/>
</kw>
<kw name="Set Local Variable" library="BuiltIn">
<arg>${image}</arg>
<arg>id:robot-preview-image</arg>
<doc>Makes a variable available everywhere within the local scope.</doc>
<msg timestamp="20230822 09:44:16.261" level="INFO">${image} = id:robot-preview-image</msg>
<status status="PASS" starttime="20230822 09:44:16.259" endtime="20230822 09:44:16.262"/>
</kw>
<status status="PASS" starttime="20230822 09:44:16.062" endtime="20230822 09:44:16.262"/>
</kw>
<status status="PASS" starttime="20230822 09:44:16.061" endtime="20230822 09:44:16.262"/>
</kw>
<kw name="Wait Until Keyword Succeeds" library="BuiltIn">
<arg>10x</arg>
<arg>2s</arg>
<arg>Submit The Order</arg>
<doc>Runs the specified keyword and retries if it fails.</doc>
<kw name="Submit The Order">
<kw name="Mute Run On Failure" library="RPA.RobotLogListener">
<arg>Page Should Contain Element</arg>
<doc>Set keywords which should not execute `SeleniumLibrary`
default behaviour of running keyword on failure.</doc>
<kw name="Get Library Instance" library="BuiltIn">
<arg>RPA.Browser</arg>
<doc>Returns the currently active instance of the specified library.</doc>
<msg timestamp="20230822 09:44:16.267" level="FAIL">No library 'RPA.Browser' found.</msg>
<status status="FAIL" starttime="20230822 09:44:16.265" endtime="20230822 09:44:16.273"/>
</kw>
<kw name="Get Library Instance" library="BuiltIn">
<arg>RPA.Browser.Selenium</arg>
<doc>Returns the currently active instance of the specified library.</doc>
<status status="PASS" starttime="20230822 09:44:16.274" endtime="20230822 09:44:16.275"/>
</kw>
<status status="PASS" starttime="20230822 09:44:16.264" endtime="20230822 09:44:16.275"/>
</kw>
<kw name="Wait And Click Button" library="RPA.Browser.Selenium">
<arg>id:order</arg>
<doc>Click button identified by ``locator``, once it becomes visible.</doc>
<msg timestamp="20230822 09:44:16.308" level="INFO">Clicking button 'id:order'.</msg>
<status status="PASS" starttime="20230822 09:44:16.276" endtime="20230822 09:44:16.399"/>
</kw>
<kw name="Page Should Contain Element" library="RPA.Browser.Selenium">
<arg>id:receipt</arg>
<doc>Verifies that element ``locator`` is found on the current page.</doc>
<msg timestamp="20230822 09:44:16.400" level="INFO">No keyword will be run on failure.</msg>
<msg timestamp="20230822 09:44:16.434" level="FAIL">Page should have contained element 'id:receipt' but did not.</msg>
<msg timestamp="20230822 09:44:16.441" level="INFO">Capture Page Screenshot will be run on failure.</msg>
<status status="FAIL" starttime="20230822 09:44:16.399" endtime="20230822 09:44:16.440"/>
</kw>
<status status="FAIL" starttime="20230822 09:44:16.264" endtime="20230822 09:44:16.443"/>
</kw>
<kw name="Submit The Order">
<kw name="Mute Run On Failure" library="RPA.RobotLogListener">
<arg>Page Should Contain Element</arg>
<doc>Set keywords which should not execute `SeleniumLibrary`
default behaviour of running keyword on failure.</doc>
<kw name="Get Library Instance" library="BuiltIn">
<arg>RPA.Browser</arg>
<doc>Returns the currently active instance of the specified library.</doc>
<msg timestamp="20230822 09:44:18.452" level="FAIL">No library 'RPA.Browser' found.</msg>
<status status="FAIL" starttime="20230822 09:44:18.451" endtime="20230822 09:44:18.454"/>
</kw>
<kw name="Get Library Instance" library="BuiltIn">
<arg>RPA.Browser.Selenium</arg>
<doc>Returns the currently active instance of the specified library.</doc>
<status status="PASS" starttime="20230822 09:44:18.454" endtime="20230822 09:44:18.455"/>
</kw>
<status status="PASS" starttime="20230822 09:44:18.449" endtime="20230822 09:44:18.456"/>
</kw>
<kw name="Wait And Click Button" library="RPA.Browser.Selenium">
<arg>id:order</arg>
<doc>Click button identified by ``locator``, once it becomes visible.</doc>
<msg timestamp="20230822 09:44:18.481" level="INFO">Clicking button 'id:order'.</msg>
<status status="PASS" starttime="20230822 09:44:18.457" endtime="20230822 09:44:18.566"/>
</kw>
<kw name="Page Should Contain Element" library="RPA.Browser.Selenium">
<arg>id:receipt</arg>
<doc>Verifies that element ``locator`` is found on the current page.</doc>
<msg timestamp="20230822 09:44:18.568" level="INFO">No keyword will be run on failure.</msg>
<msg timestamp="20230822 09:44:18.568" level="INFO">No keyword will be run on failure.</msg>
<msg timestamp="20230822 09:44:18.580" level="INFO">Current page contains element 'id:receipt'.</msg>
<status status="PASS" starttime="20230822 09:44:18.567" endtime="20230822 09:44:18.581"/>
</kw>
<status status="PASS" starttime="20230822 09:44:18.448" endtime="20230822 09:44:18.581"/>
</kw>
<status status="PASS" starttime="20230822 09:44:16.263" endtime="20230822 09:44:18.582"/>
</kw>
<kw name="Take a screenshot of the robot">
<var>${screenshot}</var>
<kw name="Wait Until Element Is Visible" library="RPA.Browser.Selenium">
<arg>id:robot-preview-image</arg>
<doc>Waits until the element ``locator`` is visible.</doc>
<status status="PASS" starttime="20230822 09:44:18.584" endtime="20230822 09:44:18.678"/>
</kw>
<kw name="Wait Until Element Is Visible" library="RPA.Browser.Selenium">
<arg>css:p.badge-success</arg>
<doc>Waits until the element ``locator`` is visible.</doc>
<status status="PASS" starttime="20230822 09:44:18.679" endtime="20230822 09:44:18.722"/>
</kw>
<kw name="Get Text" library="RPA.Browser.Selenium">
<var>${orderid}</var>
<arg>css:p.badge-success</arg>
<doc>Returns the text value of the element identified by ``locator``.</doc>
<msg timestamp="20230822 09:44:18.760" level="INFO">${orderid} = RSB-ROBO-ORDER-GJ16TFF36S</msg>
<status status="PASS" starttime="20230822 09:44:18.723" endtime="20230822 09:44:18.760"/>
</kw>
<kw name="Sleep" library="BuiltIn">
<arg>2s</arg>
<doc>Pauses the test executed for the given time.</doc>
<msg timestamp="20230822 09:44:20.764" level="INFO">Slept 2 seconds</msg>
<status status="PASS" starttime="20230822 09:44:18.761" endtime="20230822 09:44:20.765"/>
</kw>
<kw name="Set Local Variable" library="BuiltIn">
<arg>${image_path}</arg>
<arg>c:\\Users\\E1450357\\Desktop\\my-rsb-robot\\orders${/}image_files${/}${orderid}.png</arg>
<doc>Makes a variable available everywhere within the local scope.</doc>
<msg timestamp="20230822 09:44:20.769" level="INFO">${image_path} = c:\Users\E1450357\Desktop\my-rsb-robot\orders\image_files\RSB-ROBO-ORDER-GJ16TFF36S.png</msg>
<status status="PASS" starttime="20230822 09:44:20.766" endtime="20230822 09:44:20.769"/>
</kw>
<kw name="Capture Element Screenshot" library="RPA.Browser.Selenium">
<arg>id:robot-preview-image</arg>
<arg>${image_path}</arg>
<doc>Captures a screenshot from the element identified by ``locator`` and embeds it into log file.</doc>
<msg timestamp="20230822 09:44:20.908" level="INFO" html="true">&lt;/td&gt;&lt;/tr&gt;&lt;tr&gt;&lt;td colspan="3"&gt;&lt;a href="file:///C:/Users/E1450357/Desktop/my-rsb-robot/orders/image_files/RSB-ROBO-ORDER-GJ16TFF36S.png"&gt;&lt;img src="file:///C:/Users/E1450357/Desktop/my-rsb-robot/orders/image_files/RSB-ROBO-ORDER-GJ16TFF36S.png" width="400px"&gt;&lt;/a&gt;</msg>
<status status="PASS" starttime="20230822 09:44:20.770" endtime="20230822 09:44:20.908"/>
</kw>
<return>
<value>${image_path}</value>
<status status="PASS" starttime="20230822 09:44:20.909" endtime="20230822 09:44:20.909"/>
</return>
<msg timestamp="20230822 09:44:20.910" level="INFO">${screenshot} = c:\Users\E1450357\Desktop\my-rsb-robot\orders\image_files\RSB-ROBO-ORDER-GJ16TFF36S.png</msg>
<status status="PASS" starttime="20230822 09:44:18.582" endtime="20230822 09:44:20.910"/>
</kw>
<kw name="Store receipt as a PDF file">
<var>${pdf}</var>
<arg>${row}[Order number]</arg>
<kw name="Get Element Attribute" library="RPA.Browser.Selenium">
<var>${reciept_html}</var>
<arg>id:receipt</arg>
<arg>outerHTML</arg>
<doc>Returns the value of ``attribute`` from the element ``locator``.</doc>
<msg timestamp="20230822 09:44:20.941" level="INFO">${reciept_html} = &lt;div id="receipt" class="alert alert-success" role="alert"&gt;&lt;h3&gt;Receipt&lt;/h3&gt;&lt;div&gt;2023-08-22T05:44:18.555Z&lt;/div&gt;&lt;p class="badge badge-success"&gt;RSB-ROBO-ORDER-GJ16TFF36S&lt;/p&gt;&lt;p&gt;Address 123&lt;/p&gt;&lt;div id="par...</msg>
<status status="PASS" starttime="20230822 09:44:20.911" endtime="20230822 09:44:20.941"/>
</kw>
<kw name="Set Local Variable" library="BuiltIn">
<arg>${pdffile_path}</arg>
<arg>c:\\Users\\E1450357\\Desktop\\my-rsb-robot\\orders${/}pdf_files${/}${order_number}.pdf</arg>
<doc>Makes a variable available everywhere within the local scope.</doc>
<msg timestamp="20230822 09:44:20.945" level="INFO">${pdffile_path} = c:\Users\E1450357\Desktop\my-rsb-robot\orders\pdf_files\1.pdf</msg>
<status status="PASS" starttime="20230822 09:44:20.942" endtime="20230822 09:44:20.945"/>
</kw>
<kw name="Html To Pdf" library="RPA.PDF">
<arg>${reciept_html}</arg>
<arg>${pdffile_path}</arg>
<doc>Generate a PDF file from HTML content.</doc>
<msg timestamp="20230822 09:44:20.947" level="INFO">Writing output to file C:\Users\E1450357\Desktop\my-rsb-robot\orders\pdf_files\1.pdf</msg>
<msg timestamp="20230822 09:44:21.369" level="INFO">maxp pruned</msg>
<msg timestamp="20230822 09:44:21.370" level="INFO">cmap pruned</msg>
<msg timestamp="20230822 09:44:21.387" level="INFO">post pruned</msg>
<msg timestamp="20230822 09:44:21.396" level="INFO">GDEF dropped</msg>
<msg timestamp="20230822 09:44:21.396" level="INFO">GPOS dropped</msg>
<msg timestamp="20230822 09:44:21.397" level="INFO">GSUB dropped</msg>
<msg timestamp="20230822 09:44:21.410" level="INFO">glyf pruned</msg>
<msg timestamp="20230822 09:44:21.412" level="INFO">Added gid0 to subset</msg>
<msg timestamp="20230822 09:44:21.412" level="INFO">Added first four glyphs to subset</msg>
<msg timestamp="20230822 09:44:21.413" level="INFO">Closing glyph list over 'glyf': 58 glyphs before</msg>
<msg timestamp="20230822 09:44:21.413" level="INFO">Glyph names: ['.notdef', '.null', 'uni0020', 'uni0021', 'uni002D', 'uni002E', 'uni0030', 'uni0031', 'uni0032', 'uni0033', 'uni0034', 'uni0035', 'uni0036', 'uni0037', 'uni0038', 'uni0039', 'uni003A', 'uni0041', 'uni0042', 'uni0044', 'uni0045', 'uni0046', 'uni0047', 'uni0048', 'uni004A', 'uni004C', 'uni004F', 'uni0052', 'uni0053', 'uni0054', 'uni0057', 'uni0059', 'uni005A', 'uni0061', 'uni0062', 'uni0063', 'uni0064', 'uni0065', 'uni0066', 'uni0067', 'uni0068', 'uni0069', 'uni006B', 'uni006C', 'uni006D', 'uni006E', 'uni006F', 'uni0070', 'uni0072', 'uni0073', 'uni0074', 'uni0075', 'uni0076', 'uni0077', 'uni0079', 'uni007B', 'uni007D', 'uni00C4']</msg>
<msg timestamp="20230822 09:44:21.414" level="INFO">Glyph IDs:   [0, 1, 2, 3, 65, 84, 95, 137, 141, 161, 265, 280, 320, 382, 395, 409, 456, 469, 493, 504, 575, 582, 594, 612, 645, 650, 660, 679, 715, 723, 752, 759, 775, 827, 837, 867, 884, 899, 932, 936, 950, 1294, 1295, 1296, 1298, 1299, 1300, 1302, 1303, 1304, 1305, 1329, 1345, 1346, 1361, 1404, 1407, 1681]</msg>
<msg timestamp="20230822 09:44:21.416" level="INFO">Closed glyph list over 'glyf': 58 glyphs after</msg>
<msg timestamp="20230822 09:44:21.416" level="INFO">Glyph names: ['.notdef', '.null', 'uni0020', 'uni0021', 'uni002D', 'uni002E', 'uni0030', 'uni0031', 'uni0032', 'uni0033', 'uni0034', 'uni0035', 'uni0036', 'uni0037', 'uni0038', 'uni0039', 'uni003A', 'uni0041', 'uni0042', 'uni0044', 'uni0045', 'uni0046', 'uni0047', 'uni0048', 'uni004A', 'uni004C', 'uni004F', 'uni0052', 'uni0053', 'uni0054', 'uni0057', 'uni0059', 'uni005A', 'uni0061', 'uni0062', 'uni0063', 'uni0064', 'uni0065', 'uni0066', 'uni0067', 'uni0068', 'uni0069', 'uni006B', 'uni006C', 'uni006D', 'uni006E', 'uni006F', 'uni0070', 'uni0072', 'uni0073', 'uni0074', 'uni0075', 'uni0076', 'uni0077', 'uni0079', 'uni007B', 'uni007D', 'uni00C4']</msg>
<msg timestamp="20230822 09:44:21.417" level="INFO">Glyph IDs:   [0, 1, 2, 3, 65, 84, 95, 137, 141, 161, 265, 280, 320, 382, 395, 409, 456, 469, 493, 504, 575, 582, 594, 612, 645, 650, 660, 679, 715, 723, 752, 759, 775, 827, 837, 867, 884, 899, 932, 936, 950, 1294, 1295, 1296, 1298, 1299, 1300, 1302, 1303, 1304, 1305, 1329, 1345, 1346, 1361, 1404, 1407, 1681]</msg>
<msg timestamp="20230822 09:44:21.418" level="INFO">Retaining 58 glyphs</msg>
<msg timestamp="20230822 09:44:21.419" level="INFO">head subsetting not needed</msg>
<msg timestamp="20230822 09:44:21.420" level="INFO">hhea subsetting not needed</msg>
<msg timestamp="20230822 09:44:21.421" level="INFO">maxp subsetting not needed</msg>
<msg timestamp="20230822 09:44:21.421" level="INFO">OS/2 subsetting not needed</msg>
<msg timestamp="20230822 09:44:21.422" level="INFO">hmtx subsetted</msg>
<msg timestamp="20230822 09:44:21.426" level="INFO">cmap subsetted</msg>
<msg timestamp="20230822 09:44:21.427" level="INFO">prep subsetting not needed</msg>
<msg timestamp="20230822 09:44:21.427" level="INFO">loca subsetting not needed</msg>
<msg timestamp="20230822 09:44:21.428" level="INFO">post subsetted</msg>
<msg timestamp="20230822 09:44:21.429" level="INFO">gasp subsetting not needed</msg>
<msg timestamp="20230822 09:44:21.429" level="INFO">STAT subsetting not needed</msg>
<msg timestamp="20230822 09:44:21.430" level="INFO">name subsetting not needed</msg>
<msg timestamp="20230822 09:44:21.431" level="INFO">glyf subsetted</msg>
<msg timestamp="20230822 09:44:21.432" level="INFO">head pruned</msg>
<msg timestamp="20230822 09:44:21.433" level="INFO">OS/2 Unicode ranges pruned: [0]</msg>
<msg timestamp="20230822 09:44:21.437" level="INFO">glyf pruned</msg>
<msg timestamp="20230822 09:44:21.440" level="INFO">name pruned</msg>
<msg timestamp="20230822 09:44:21.490" level="INFO">maxp pruned</msg>
<msg timestamp="20230822 09:44:21.491" level="INFO">cmap pruned</msg>
<msg timestamp="20230822 09:44:21.491" level="INFO">post pruned</msg>
<msg timestamp="20230822 09:44:21.492" level="INFO">GDEF dropped</msg>
<msg timestamp="20230822 09:44:21.493" level="INFO">GPOS dropped</msg>
<msg timestamp="20230822 09:44:21.493" level="INFO">GSUB dropped</msg>
<msg timestamp="20230822 09:44:21.504" level="INFO">glyf pruned</msg>
<msg timestamp="20230822 09:44:21.506" level="INFO">Added gid0 to subset</msg>
<msg timestamp="20230822 09:44:21.506" level="INFO">Added first four glyphs to subset</msg>
<msg timestamp="20230822 09:44:21.507" level="INFO">Closing glyph list over 'glyf': 19 glyphs before</msg>
<msg timestamp="20230822 09:44:21.508" level="INFO">Glyph names: ['.notdef', '.null', 'uni0020', 'uni0030', 'uni0031', 'uni0032', 'uni0033', 'uni0034', 'uni0035', 'uni0036', 'uni0037', 'uni0038', 'uni0039', 'uni0041', 'uni0062', 'uni006E', 'uni007B', 'uni007D', 'uni00C4']</msg>
<msg timestamp="20230822 09:44:21.509" level="INFO">Glyph IDs:   [0, 1, 2, 3, 575, 759, 1294, 1295, 1296, 1298, 1299, 1300, 1302, 1303, 1304, 1305, 1345, 1346, 1681]</msg>
<msg timestamp="20230822 09:44:21.510" level="INFO">Closed glyph list over 'glyf': 19 glyphs after</msg>
<msg timestamp="20230822 09:44:21.510" level="INFO">Glyph names: ['.notdef', '.null', 'uni0020', 'uni0030', 'uni0031', 'uni0032', 'uni0033', 'uni0034', 'uni0035', 'uni0036', 'uni0037', 'uni0038', 'uni0039', 'uni0041', 'uni0062', 'uni006E', 'uni007B', 'uni007D', 'uni00C4']</msg>
<msg timestamp="20230822 09:44:21.511" level="INFO">Glyph IDs:   [0, 1, 2, 3, 575, 759, 1294, 1295, 1296, 1298, 1299, 1300, 1302, 1303, 1304, 1305, 1345, 1346, 1681]</msg>
<msg timestamp="20230822 09:44:21.512" level="INFO">Retaining 19 glyphs</msg>
<msg timestamp="20230822 09:44:21.513" level="INFO">head subsetting not needed</msg>
<msg timestamp="20230822 09:44:21.514" level="INFO">hhea subsetting not needed</msg>
<msg timestamp="20230822 09:44:21.514" level="INFO">maxp subsetting not needed</msg>
<msg timestamp="20230822 09:44:21.515" level="INFO">OS/2 subsetting not needed</msg>
<msg timestamp="20230822 09:44:21.515" level="INFO">hmtx subsetted</msg>
<msg timestamp="20230822 09:44:21.519" level="INFO">cmap subsetted</msg>
<msg timestamp="20230822 09:44:21.519" level="INFO">prep subsetting not needed</msg>
<msg timestamp="20230822 09:44:21.519" level="INFO">loca subsetting not needed</msg>
<msg timestamp="20230822 09:44:21.520" level="INFO">post subsetted</msg>
<msg timestamp="20230822 09:44:21.520" level="INFO">gasp subsetting not needed</msg>
<msg timestamp="20230822 09:44:21.520" level="INFO">STAT subsetting not needed</msg>
<msg timestamp="20230822 09:44:21.521" level="INFO">name subsetting not needed</msg>
<msg timestamp="20230822 09:44:21.523" level="INFO">glyf subsetted</msg>
<msg timestamp="20230822 09:44:21.524" level="INFO">head pruned</msg>
<msg timestamp="20230822 09:44:21.525" level="INFO">OS/2 Unicode ranges pruned: [0]</msg>
<msg timestamp="20230822 09:44:21.527" level="INFO">glyf pruned</msg>
<msg timestamp="20230822 09:44:21.534" level="INFO">name pruned</msg>
<msg timestamp="20230822 09:44:21.562" level="INFO">maxp pruned</msg>
<msg timestamp="20230822 09:44:21.563" level="INFO">cmap pruned</msg>
<msg timestamp="20230822 09:44:21.564" level="INFO">post pruned</msg>
<msg timestamp="20230822 09:44:21.564" level="INFO">GDEF dropped</msg>
<msg timestamp="20230822 09:44:21.565" level="INFO">GPOS dropped</msg>
<msg timestamp="20230822 09:44:21.566" level="INFO">GSUB dropped</msg>
<msg timestamp="20230822 09:44:21.579" level="INFO">glyf pruned</msg>
<msg timestamp="20230822 09:44:21.588" level="INFO">Added gid0 to subset</msg>
<msg timestamp="20230822 09:44:21.588" level="INFO">Added first four glyphs to subset</msg>
<msg timestamp="20230822 09:44:21.589" level="INFO">Closing glyph list over 'glyf': 18 glyphs before</msg>
<msg timestamp="20230822 09:44:21.590" level="INFO">Glyph names: ['.notdef', '.null', 'uni0020', 'uni0030', 'uni0031', 'uni0032', 'uni0033', 'uni0034', 'uni0035', 'uni0036', 'uni0037', 'uni0038', 'uni0039', 'uni0062', 'uni006E', 'uni007B', 'uni007D', 'uni00A0']</msg>
<msg timestamp="20230822 09:44:21.590" level="INFO">Glyph IDs:   [0, 1, 2, 3, 544, 727, 1256, 1257, 1258, 1260, 1261, 1262, 1264, 1265, 1266, 1267, 1307, 1308]</msg>
<msg timestamp="20230822 09:44:21.591" level="INFO">Closed glyph list over 'glyf': 18 glyphs after</msg>
<msg timestamp="20230822 09:44:21.591" level="INFO">Glyph names: ['.notdef', '.null', 'uni0020', 'uni0030', 'uni0031', 'uni0032', 'uni0033', 'uni0034', 'uni0035', 'uni0036', 'uni0037', 'uni0038', 'uni0039', 'uni0062', 'uni006E', 'uni007B', 'uni007D', 'uni00A0']</msg>
<msg timestamp="20230822 09:44:21.592" level="INFO">Glyph IDs:   [0, 1, 2, 3, 544, 727, 1256, 1257, 1258, 1260, 1261, 1262, 1264, 1265, 1266, 1267, 1307, 1308]</msg>
<msg timestamp="20230822 09:44:21.593" level="INFO">Retaining 18 glyphs</msg>
<msg timestamp="20230822 09:44:21.594" level="INFO">head subsetting not needed</msg>
<msg timestamp="20230822 09:44:21.594" level="INFO">hhea subsetting not needed</msg>
<msg timestamp="20230822 09:44:21.595" level="INFO">maxp subsetting not needed</msg>
<msg timestamp="20230822 09:44:21.595" level="INFO">OS/2 subsetting not needed</msg>
<msg timestamp="20230822 09:44:21.596" level="INFO">hmtx subsetted</msg>
<msg timestamp="20230822 09:44:21.598" level="INFO">cmap subsetted</msg>
<msg timestamp="20230822 09:44:21.598" level="INFO">loca subsetting not needed</msg>
<msg timestamp="20230822 09:44:21.599" level="INFO">post subsetted</msg>
<msg timestamp="20230822 09:44:21.600" level="INFO">name subsetting not needed</msg>
<msg timestamp="20230822 09:44:21.602" level="INFO">glyf subsetted</msg>
<msg timestamp="20230822 09:44:21.603" level="INFO">head pruned</msg>
<msg timestamp="20230822 09:44:21.604" level="INFO">OS/2 Unicode ranges pruned: [0]</msg>
<msg timestamp="20230822 09:44:21.606" level="INFO">glyf pruned</msg>
<msg timestamp="20230822 09:44:21.607" level="INFO">name pruned</msg>
<msg timestamp="20230822 09:44:21.632" level="INFO">maxp pruned</msg>
<msg timestamp="20230822 09:44:21.633" level="INFO">cmap pruned</msg>
<msg timestamp="20230822 09:44:21.633" level="INFO">post pruned</msg>
<msg timestamp="20230822 09:44:21.634" level="INFO">GDEF dropped</msg>
<msg timestamp="20230822 09:44:21.634" level="INFO">GPOS dropped</msg>
<msg timestamp="20230822 09:44:21.635" level="INFO">GSUB dropped</msg>
<msg timestamp="20230822 09:44:21.646" level="INFO">glyf pruned</msg>
<msg timestamp="20230822 09:44:21.655" level="INFO">Added gid0 to subset</msg>
<msg timestamp="20230822 09:44:21.656" level="INFO">Added first four glyphs to subset</msg>
<msg timestamp="20230822 09:44:21.657" level="INFO">Closing glyph list over 'glyf': 18 glyphs before</msg>
<msg timestamp="20230822 09:44:21.657" level="INFO">Glyph names: ['.notdef', '.null', 'uni0020', 'uni0030', 'uni0031', 'uni0032', 'uni0033', 'uni0034', 'uni0035', 'uni0036', 'uni0037', 'uni0038', 'uni0039', 'uni0062', 'uni006E', 'uni007B', 'uni007D', 'uni00A0']</msg>
<msg timestamp="20230822 09:44:21.658" level="INFO">Glyph IDs:   [0, 1, 2, 3, 544, 727, 1256, 1257, 1258, 1260, 1261, 1262, 1264, 1265, 1266, 1267, 1307, 1308]</msg>
<msg timestamp="20230822 09:44:21.658" level="INFO">Closed glyph list over 'glyf': 18 glyphs after</msg>
<msg timestamp="20230822 09:44:21.659" level="INFO">Glyph names: ['.notdef', '.null', 'uni0020', 'uni0030', 'uni0031', 'uni0032', 'uni0033', 'uni0034', 'uni0035', 'uni0036', 'uni0037', 'uni0038', 'uni0039', 'uni0062', 'uni006E', 'uni007B', 'uni007D', 'uni00A0']</msg>
<msg timestamp="20230822 09:44:21.659" level="INFO">Glyph IDs:   [0, 1, 2, 3, 544, 727, 1256, 1257, 1258, 1260, 1261, 1262, 1264, 1265, 1266, 1267, 1307, 1308]</msg>
<msg timestamp="20230822 09:44:21.661" level="INFO">Retaining 18 glyphs</msg>
<msg timestamp="20230822 09:44:21.662" level="INFO">head subsetting not needed</msg>
<msg timestamp="20230822 09:44:21.663" level="INFO">hhea subsetting not needed</msg>
<msg timestamp="20230822 09:44:21.663" level="INFO">maxp subsetting not needed</msg>
<msg timestamp="20230822 09:44:21.663" level="INFO">OS/2 subsetting not needed</msg>
<msg timestamp="20230822 09:44:21.664" level="INFO">hmtx subsetted</msg>
<msg timestamp="20230822 09:44:21.668" level="INFO">cmap subsetted</msg>
<msg timestamp="20230822 09:44:21.669" level="INFO">loca subsetting not needed</msg>
<msg timestamp="20230822 09:44:21.669" level="INFO">post subsetted</msg>
<msg timestamp="20230822 09:44:21.669" level="INFO">name subsetting not needed</msg>
<msg timestamp="20230822 09:44:21.672" level="INFO">glyf subsetted</msg>
<msg timestamp="20230822 09:44:21.673" level="INFO">head pruned</msg>
<msg timestamp="20230822 09:44:21.673" level="INFO">OS/2 Unicode ranges pruned: [0]</msg>
<msg timestamp="20230822 09:44:21.675" level="INFO">glyf pruned</msg>
<msg timestamp="20230822 09:44:21.676" level="INFO">name pruned</msg>
<msg timestamp="20230822 09:44:21.721" level="INFO">c:\Users\E1450357\.vscode\extensions\robocorp.robotframework-lsp-1.11.0\src\robotframework_debug_adapter\run_robot__main__.py:662: DeprecationWarning: The HTMLMixin class is deprecated. Simply use the FPDF class as a replacement.
  exitcode = run_cli(robot_args, exit=False)</msg>
<status status="PASS" starttime="20230822 09:44:20.945" endtime="20230822 09:44:21.736"/>
</kw>
<return>
<value>${pdffile_path}</value>
<status status="PASS" starttime="20230822 09:44:21.737" endtime="20230822 09:44:21.738"/>
</return>
<msg timestamp="20230822 09:44:21.738" level="INFO">${pdf} = c:\Users\E1450357\Desktop\my-rsb-robot\orders\pdf_files\1.pdf</msg>
<status status="PASS" starttime="20230822 09:44:20.910" endtime="20230822 09:44:21.739"/>
</kw>
<kw name="Embed the robot screenshot to the receipt PDF file">
<arg>${screenshot}</arg>
<arg>${pdf}</arg>
<kw name="Add Watermark Image To Pdf" library="RPA.PDF">
<arg>${screenshot}</arg>
<arg>${pdf}</arg>
<arg>${pdf}</arg>
<doc>Add an image into an existing or new PDF.</doc>
<msg timestamp="20230822 09:44:21.986" level="WARN">Object 7 0 found</msg>
<msg timestamp="20230822 09:44:21.989" level="WARN">Overwriting cache for 0 7</msg>
<msg timestamp="20230822 09:44:21.996" level="WARN">Object 14 0 found</msg>
<msg timestamp="20230822 09:44:22.000" level="WARN">Overwriting cache for 0 14</msg>
<msg timestamp="20230822 09:44:22.008" level="WARN">Object 21 0 found</msg>
<msg timestamp="20230822 09:44:22.010" level="WARN">Overwriting cache for 0 21</msg>
<msg timestamp="20230822 09:44:22.018" level="WARN">Object 28 0 found</msg>
<msg timestamp="20230822 09:44:22.020" level="WARN">Overwriting cache for 0 28</msg>
<status status="PASS" starttime="20230822 09:44:21.741" endtime="20230822 09:44:22.042"/>
</kw>
<status status="PASS" starttime="20230822 09:44:21.739" endtime="20230822 09:44:22.043"/>
</kw>
<kw name="Order another Robot">
<kw name="Wait And Click Button" library="RPA.Browser.Selenium">
<arg>id:order-another</arg>
<doc>Click button identified by ``locator``, once it becomes visible.</doc>
<msg timestamp="20230822 09:44:22.081" level="INFO">Clicking button 'id:order-another'.</msg>
<status status="PASS" starttime="20230822 09:44:22.045" endtime="20230822 09:44:22.417"/>
</kw>
<status status="PASS" starttime="20230822 09:44:22.044" endtime="20230822 09:44:22.418"/>
</kw>
<status status="PASS" starttime="20230822 09:44:15.060" endtime="20230822 09:44:22.419"/>
</iter>
<iter>
<var name="${row}">{'Order number': '2', 'Head': '4', 'Body': '1', 'Legs': '5', 'Address': 'Address 456'}</var>
<kw name="Close the annoying modal">
<kw name="Wait And Click Button" library="RPA.Browser.Selenium">
<arg>css:button.btn-warning</arg>
<doc>Click button identified by ``locator``, once it becomes visible.</doc>
<msg timestamp="20230822 09:44:22.450" level="INFO">Clicking button 'css:button.btn-warning'.</msg>
<status status="PASS" starttime="20230822 09:44:22.421" endtime="20230822 09:44:22.534"/>
</kw>
<status status="PASS" starttime="20230822 09:44:22.420" endtime="20230822 09:44:22.535"/>
</kw>
<kw name="Fill the form">
<arg>${row}</arg>
<kw name="Wait Until Element Is Visible" library="RPA.Browser.Selenium">
<arg>id:head</arg>
<doc>Waits until the element ``locator`` is visible.</doc>
<status status="PASS" starttime="20230822 09:44:22.537" endtime="20230822 09:44:22.565"/>
</kw>
<kw name="Wait Until Element Is Enabled" library="RPA.Browser.Selenium">
<arg>id:head</arg>
<doc>Waits until the element ``locator`` is enabled.</doc>
<status status="PASS" starttime="20230822 09:44:22.565" endtime="20230822 09:44:22.598"/>
</kw>
<kw name="Set Local Variable" library="BuiltIn">
<arg>${order_no}</arg>
<arg>${order}[Order number]</arg>
<doc>Makes a variable available everywhere within the local scope.</doc>
<msg timestamp="20230822 09:44:22.602" level="INFO">${order_no} = 2</msg>
<status status="PASS" starttime="20230822 09:44:22.599" endtime="20230822 09:44:22.602"/>
</kw>
<kw name="Select From List By Value" library="RPA.Browser.Selenium">
<arg>id:head</arg>
<arg>${order}[Head]</arg>
<doc>Selects options from selection list ``locator`` by ``values``.</doc>
<msg timestamp="20230822 09:44:22.605" level="INFO">Selecting options from selection list 'id:head' by value 4.</msg>
<status status="PASS" starttime="20230822 09:44:22.603" endtime="20230822 09:44:22.690"/>
</kw>
<kw name="Wait Until Element Is Enabled" library="RPA.Browser.Selenium">
<arg>body</arg>
<doc>Waits until the element ``locator`` is enabled.</doc>
<status status="PASS" starttime="20230822 09:44:22.690" endtime="20230822 09:44:22.725"/>
</kw>
<kw name="Select Radio Button" library="RPA.Browser.Selenium">
<arg>body</arg>
<arg>${order}[Body]</arg>
<doc>Sets the radio button group ``group_name`` to ``value``.</doc>
<msg timestamp="20230822 09:44:22.726" level="INFO">Selecting '1' from radio button 'body'.</msg>
<status status="PASS" starttime="20230822 09:44:22.725" endtime="20230822 09:44:22.869"/>
</kw>
<kw name="Wait Until Element Is Enabled" library="RPA.Browser.Selenium">
<arg>css:Input.form-control</arg>
<doc>Waits until the element ``locator`` is enabled.</doc>
<status status="PASS" starttime="20230822 09:44:22.870" endtime="20230822 09:44:22.908"/>
</kw>
<kw name="Input Text" library="RPA.Browser.Selenium">
<arg>css:Input.form-control</arg>
<arg>${order}[Legs]</arg>
<doc>Types the given ``text`` into the text field identified by ``locator``.</doc>
<msg timestamp="20230822 09:44:22.910" level="INFO">Typing text '5' into text field 'css:Input.form-control'.</msg>
<status status="PASS" starttime="20230822 09:44:22.909" endtime="20230822 09:44:23.020"/>
</kw>
<kw name="Wait Until Element Is Enabled" library="RPA.Browser.Selenium">
<arg>id:address</arg>
<doc>Waits until the element ``locator`` is enabled.</doc>
<status status="PASS" starttime="20230822 09:44:23.021" endtime="20230822 09:44:23.056"/>
</kw>
<kw name="Input Text" library="RPA.Browser.Selenium">
<arg>id:address</arg>
<arg>${order}[Address]</arg>
<doc>Types the given ``text`` into the text field identified by ``locator``.</doc>
<msg timestamp="20230822 09:44:23.058" level="INFO">Typing text 'Address 456' into text field 'id:address'.</msg>
<status status="PASS" starttime="20230822 09:44:23.057" endtime="20230822 09:44:23.175"/>
</kw>
<status status="PASS" starttime="20230822 09:44:22.536" endtime="20230822 09:44:23.176"/>
</kw>
<kw name="Wait Until Keyword Succeeds" library="BuiltIn">
<arg>10x</arg>
<arg>2s</arg>
<arg>Preview the robot</arg>
<doc>Runs the specified keyword and retries if it fails.</doc>
<kw name="Preview the robot">
<kw name="Wait And Click Button" library="RPA.Browser.Selenium">
<arg>id:preview</arg>
<doc>Click button identified by ``locator``, once it becomes visible.</doc>
<msg timestamp="20230822 09:44:23.207" level="INFO">Clicking button 'id:preview'.</msg>
<status status="PASS" starttime="20230822 09:44:23.179" endtime="20230822 09:44:23.288"/>
</kw>
<kw name="Wait Until Element Is Enabled" library="RPA.Browser.Selenium">
<arg>id:robot-preview-image</arg>
<doc>Waits until the element ``locator`` is enabled.</doc>
<status status="PASS" starttime="20230822 09:44:23.289" endtime="20230822 09:44:23.325"/>
</kw>
<kw name="Set Local Variable" library="BuiltIn">
<arg>${image}</arg>
<arg>id:robot-preview-image</arg>
<doc>Makes a variable available everywhere within the local scope.</doc>
<msg timestamp="20230822 09:44:23.329" level="INFO">${image} = id:robot-preview-image</msg>
<status status="PASS" starttime="20230822 09:44:23.326" endtime="20230822 09:44:23.329"/>
</kw>
<status status="PASS" starttime="20230822 09:44:23.178" endtime="20230822 09:44:23.329"/>
</kw>
<status status="PASS" starttime="20230822 09:44:23.177" endtime="20230822 09:44:23.330"/>
</kw>
<kw name="Wait Until Keyword Succeeds" library="BuiltIn">
<arg>10x</arg>
<arg>2s</arg>
<arg>Submit The Order</arg>
<doc>Runs the specified keyword and retries if it fails.</doc>
<kw name="Submit The Order">
<kw name="Mute Run On Failure" library="RPA.RobotLogListener">
<arg>Page Should Contain Element</arg>
<doc>Set keywords which should not execute `SeleniumLibrary`
default behaviour of running keyword on failure.</doc>
<kw name="Get Library Instance" library="BuiltIn">
<arg>RPA.Browser</arg>
<doc>Returns the currently active instance of the specified library.</doc>
<msg timestamp="20230822 09:44:23.335" level="FAIL">No library 'RPA.Browser' found.</msg>
<status status="FAIL" starttime="20230822 09:44:23.334" endtime="20230822 09:44:23.336"/>
</kw>
<kw name="Get Library Instance" library="BuiltIn">
<arg>RPA.Browser.Selenium</arg>
<doc>Returns the currently active instance of the specified library.</doc>
<status status="PASS" starttime="20230822 09:44:23.337" endtime="20230822 09:44:23.338"/>
</kw>
<status status="PASS" starttime="20230822 09:44:23.333" endtime="20230822 09:44:23.338"/>
</kw>
<kw name="Wait And Click Button" library="RPA.Browser.Selenium">
<arg>id:order</arg>
<doc>Click button identified by ``locator``, once it becomes visible.</doc>
<msg timestamp="20230822 09:44:23.368" level="INFO">Clicking button 'id:order'.</msg>
<status status="PASS" starttime="20230822 09:44:23.339" endtime="20230822 09:44:23.445"/>
</kw>
<kw name="Page Should Contain Element" library="RPA.Browser.Selenium">
<arg>id:receipt</arg>
<doc>Verifies that element ``locator`` is found on the current page.</doc>
<msg timestamp="20230822 09:44:23.447" level="INFO">No keyword will be run on failure.</msg>
<msg timestamp="20230822 09:44:23.447" level="INFO">No keyword will be run on failure.</msg>
<msg timestamp="20230822 09:44:23.448" level="INFO">No keyword will be run on failure.</msg>
<msg timestamp="20230822 09:44:23.465" level="FAIL">Page should have contained element 'id:receipt' but did not.</msg>
<status status="FAIL" starttime="20230822 09:44:23.446" endtime="20230822 09:44:23.467"/>
</kw>
<status status="FAIL" starttime="20230822 09:44:23.333" endtime="20230822 09:44:23.468"/>
</kw>
<kw name="Submit The Order">
<kw name="Mute Run On Failure" library="RPA.RobotLogListener">
<arg>Page Should Contain Element</arg>
<doc>Set keywords which should not execute `SeleniumLibrary`
default behaviour of running keyword on failure.</doc>
<kw name="Get Library Instance" library="BuiltIn">
<arg>RPA.Browser</arg>
<doc>Returns the currently active instance of the specified library.</doc>
<msg timestamp="20230822 09:44:25.484" level="FAIL">No library 'RPA.Browser' found.</msg>
<status status="FAIL" starttime="20230822 09:44:25.482" endtime="20230822 09:44:25.485"/>
</kw>
<kw name="Get Library Instance" library="BuiltIn">
<arg>RPA.Browser.Selenium</arg>
<doc>Returns the currently active instance of the specified library.</doc>
<status status="PASS" starttime="20230822 09:44:25.486" endtime="20230822 09:44:25.487"/>
</kw>
<status status="PASS" starttime="20230822 09:44:25.481" endtime="20230822 09:44:25.488"/>
</kw>
<kw name="Wait And Click Button" library="RPA.Browser.Selenium">
<arg>id:order</arg>
<doc>Click button identified by ``locator``, once it becomes visible.</doc>
<msg timestamp="20230822 09:44:25.514" level="INFO">Clicking button 'id:order'.</msg>
<status status="PASS" starttime="20230822 09:44:25.488" endtime="20230822 09:44:25.587"/>
</kw>
<kw name="Page Should Contain Element" library="RPA.Browser.Selenium">
<arg>id:receipt</arg>
<doc>Verifies that element ``locator`` is found on the current page.</doc>
<msg timestamp="20230822 09:44:25.589" level="INFO">No keyword will be run on failure.</msg>
<msg timestamp="20230822 09:44:25.589" level="INFO">No keyword will be run on failure.</msg>
<msg timestamp="20230822 09:44:25.589" level="INFO">No keyword will be run on failure.</msg>
<msg timestamp="20230822 09:44:25.589" level="INFO">No keyword will be run on failure.</msg>
<msg timestamp="20230822 09:44:25.602" level="INFO">Current page contains element 'id:receipt'.</msg>
<status status="PASS" starttime="20230822 09:44:25.588" endtime="20230822 09:44:25.602"/>
</kw>
<status status="PASS" starttime="20230822 09:44:25.479" endtime="20230822 09:44:25.603"/>
</kw>
<status status="PASS" starttime="20230822 09:44:23.331" endtime="20230822 09:44:25.604"/>
</kw>
<kw name="Take a screenshot of the robot">
<var>${screenshot}</var>
<kw name="Wait Until Element Is Visible" library="RPA.Browser.Selenium">
<arg>id:robot-preview-image</arg>
<doc>Waits until the element ``locator`` is visible.</doc>
<status status="PASS" starttime="20230822 09:44:25.606" endtime="20230822 09:44:25.631"/>
</kw>
<kw name="Wait Until Element Is Visible" library="RPA.Browser.Selenium">
<arg>css:p.badge-success</arg>
<doc>Waits until the element ``locator`` is visible.</doc>
<status status="PASS" starttime="20230822 09:44:25.632" endtime="20230822 09:44:25.655"/>
</kw>
<kw name="Get Text" library="RPA.Browser.Selenium">
<var>${orderid}</var>
<arg>css:p.badge-success</arg>
<doc>Returns the text value of the element identified by ``locator``.</doc>
<msg timestamp="20230822 09:44:25.677" level="INFO">${orderid} = RSB-ROBO-ORDER-0PNOBJ4D4R</msg>
<status status="PASS" starttime="20230822 09:44:25.656" endtime="20230822 09:44:25.678"/>
</kw>
<kw name="Sleep" library="BuiltIn">
<arg>2s</arg>
<doc>Pauses the test executed for the given time.</doc>
<msg timestamp="20230822 09:44:27.685" level="INFO">Slept 2 seconds</msg>
<status status="PASS" starttime="20230822 09:44:25.679" endtime="20230822 09:44:27.685"/>
</kw>
<kw name="Set Local Variable" library="BuiltIn">
<arg>${image_path}</arg>
<arg>c:\\Users\\E1450357\\Desktop\\my-rsb-robot\\orders${/}image_files${/}${orderid}.png</arg>
<doc>Makes a variable available everywhere within the local scope.</doc>
<msg timestamp="20230822 09:44:27.690" level="INFO">${image_path} = c:\Users\E1450357\Desktop\my-rsb-robot\orders\image_files\RSB-ROBO-ORDER-0PNOBJ4D4R.png</msg>
<status status="PASS" starttime="20230822 09:44:27.686" endtime="20230822 09:44:27.691"/>
</kw>
<kw name="Capture Element Screenshot" library="RPA.Browser.Selenium">
<arg>id:robot-preview-image</arg>
<arg>${image_path}</arg>
<doc>Captures a screenshot from the element identified by ``locator`` and embeds it into log file.</doc>
<msg timestamp="20230822 09:44:27.831" level="INFO" html="true">&lt;/td&gt;&lt;/tr&gt;&lt;tr&gt;&lt;td colspan="3"&gt;&lt;a href="file:///C:/Users/E1450357/Desktop/my-rsb-robot/orders/image_files/RSB-ROBO-ORDER-0PNOBJ4D4R.png"&gt;&lt;img src="file:///C:/Users/E1450357/Desktop/my-rsb-robot/orders/image_files/RSB-ROBO-ORDER-0PNOBJ4D4R.png" width="400px"&gt;&lt;/a&gt;</msg>
<status status="PASS" starttime="20230822 09:44:27.692" endtime="20230822 09:44:27.831"/>
</kw>
<return>
<value>${image_path}</value>
<status status="PASS" starttime="20230822 09:44:27.833" endtime="20230822 09:44:27.834"/>
</return>
<msg timestamp="20230822 09:44:27.835" level="INFO">${screenshot} = c:\Users\E1450357\Desktop\my-rsb-robot\orders\image_files\RSB-ROBO-ORDER-0PNOBJ4D4R.png</msg>
<status status="PASS" starttime="20230822 09:44:25.604" endtime="20230822 09:44:27.835"/>
</kw>
<kw name="Store receipt as a PDF file">
<var>${pdf}</var>
<arg>${row}[Order number]</arg>
<kw name="Get Element Attribute" library="RPA.Browser.Selenium">
<var>${reciept_html}</var>
<arg>id:receipt</arg>
<arg>outerHTML</arg>
<doc>Returns the value of ``attribute`` from the element ``locator``.</doc>
<msg timestamp="20230822 09:44:27.867" level="INFO">${reciept_html} = &lt;div id="receipt" class="alert alert-success" role="alert"&gt;&lt;h3&gt;Receipt&lt;/h3&gt;&lt;div&gt;2023-08-22T05:44:25.580Z&lt;/div&gt;&lt;p class="badge badge-success"&gt;RSB-ROBO-ORDER-0PNOBJ4D4R&lt;/p&gt;&lt;p&gt;Address 456&lt;/p&gt;&lt;div id="par...</msg>
<status status="PASS" starttime="20230822 09:44:27.838" endtime="20230822 09:44:27.867"/>
</kw>
<kw name="Set Local Variable" library="BuiltIn">
<arg>${pdffile_path}</arg>
<arg>c:\\Users\\E1450357\\Desktop\\my-rsb-robot\\orders${/}pdf_files${/}${order_number}.pdf</arg>
<doc>Makes a variable available everywhere within the local scope.</doc>
<msg timestamp="20230822 09:44:27.872" level="INFO">${pdffile_path} = c:\Users\E1450357\Desktop\my-rsb-robot\orders\pdf_files\2.pdf</msg>
<status status="PASS" starttime="20230822 09:44:27.868" endtime="20230822 09:44:27.872"/>
</kw>
<kw name="Html To Pdf" library="RPA.PDF">
<arg>${reciept_html}</arg>
<arg>${pdffile_path}</arg>
<doc>Generate a PDF file from HTML content.</doc>
<msg timestamp="20230822 09:44:27.875" level="INFO">Writing output to file C:\Users\E1450357\Desktop\my-rsb-robot\orders\pdf_files\2.pdf</msg>
<msg timestamp="20230822 09:44:28.256" level="INFO">maxp pruned</msg>
<msg timestamp="20230822 09:44:28.257" level="INFO">cmap pruned</msg>
<msg timestamp="20230822 09:44:28.257" level="INFO">post pruned</msg>
<msg timestamp="20230822 09:44:28.258" level="INFO">GDEF dropped</msg>
<msg timestamp="20230822 09:44:28.258" level="INFO">GPOS dropped</msg>
<msg timestamp="20230822 09:44:28.258" level="INFO">GSUB dropped</msg>
<msg timestamp="20230822 09:44:28.268" level="INFO">glyf pruned</msg>
<msg timestamp="20230822 09:44:28.269" level="INFO">Added gid0 to subset</msg>
<msg timestamp="20230822 09:44:28.270" level="INFO">Added first four glyphs to subset</msg>
<msg timestamp="20230822 09:44:28.271" level="INFO">Closing glyph list over 'glyf': 58 glyphs before</msg>
<msg timestamp="20230822 09:44:28.271" level="INFO">Glyph names: ['.notdef', '.null', 'uni0020', 'uni0021', 'uni002D', 'uni002E', 'uni0030', 'uni0031', 'uni0032', 'uni0033', 'uni0034', 'uni0035', 'uni0036', 'uni0037', 'uni0038', 'uni0039', 'uni003A', 'uni0041', 'uni0042', 'uni0044', 'uni0045', 'uni0048', 'uni004A', 'uni004C', 'uni004E', 'uni004F', 'uni0050', 'uni0052', 'uni0053', 'uni0054', 'uni0057', 'uni0059', 'uni005A', 'uni0061', 'uni0062', 'uni0063', 'uni0064', 'uni0065', 'uni0066', 'uni0067', 'uni0068', 'uni0069', 'uni006B', 'uni006C', 'uni006D', 'uni006E', 'uni006F', 'uni0070', 'uni0072', 'uni0073', 'uni0074', 'uni0075', 'uni0076', 'uni0077', 'uni0079', 'uni007B', 'uni007D', 'uni00C4']</msg>
<msg timestamp="20230822 09:44:28.272" level="INFO">Glyph IDs:   [0, 1, 2, 3, 65, 84, 95, 161, 265, 280, 299, 320, 374, 382, 395, 409, 456, 469, 493, 504, 575, 582, 594, 612, 645, 650, 660, 679, 715, 723, 752, 759, 775, 827, 837, 867, 884, 899, 932, 936, 950, 1294, 1295, 1296, 1298, 1299, 1300, 1302, 1303, 1304, 1305, 1329, 1345, 1346, 1361, 1404, 1407, 1681]</msg>
<msg timestamp="20230822 09:44:28.273" level="INFO">Closed glyph list over 'glyf': 58 glyphs after</msg>
<msg timestamp="20230822 09:44:28.273" level="INFO">Glyph names: ['.notdef', '.null', 'uni0020', 'uni0021', 'uni002D', 'uni002E', 'uni0030', 'uni0031', 'uni0032', 'uni0033', 'uni0034', 'uni0035', 'uni0036', 'uni0037', 'uni0038', 'uni0039', 'uni003A', 'uni0041', 'uni0042', 'uni0044', 'uni0045', 'uni0048', 'uni004A', 'uni004C', 'uni004E', 'uni004F', 'uni0050', 'uni0052', 'uni0053', 'uni0054', 'uni0057', 'uni0059', 'uni005A', 'uni0061', 'uni0062', 'uni0063', 'uni0064', 'uni0065', 'uni0066', 'uni0067', 'uni0068', 'uni0069', 'uni006B', 'uni006C', 'uni006D', 'uni006E', 'uni006F', 'uni0070', 'uni0072', 'uni0073', 'uni0074', 'uni0075', 'uni0076', 'uni0077', 'uni0079', 'uni007B', 'uni007D', 'uni00C4']</msg>
<msg timestamp="20230822 09:44:28.274" level="INFO">Glyph IDs:   [0, 1, 2, 3, 65, 84, 95, 161, 265, 280, 299, 320, 374, 382, 395, 409, 456, 469, 493, 504, 575, 582, 594, 612, 645, 650, 660, 679, 715, 723, 752, 759, 775, 827, 837, 867, 884, 899, 932, 936, 950, 1294, 1295, 1296, 1298, 1299, 1300, 1302, 1303, 1304, 1305, 1329, 1345, 1346, 1361, 1404, 1407, 1681]</msg>
<msg timestamp="20230822 09:44:28.275" level="INFO">Retaining 58 glyphs</msg>
<msg timestamp="20230822 09:44:28.276" level="INFO">head subsetting not needed</msg>
<msg timestamp="20230822 09:44:28.276" level="INFO">hhea subsetting not needed</msg>
<msg timestamp="20230822 09:44:28.277" level="INFO">maxp subsetting not needed</msg>
<msg timestamp="20230822 09:44:28.277" level="INFO">OS/2 subsetting not needed</msg>
<msg timestamp="20230822 09:44:28.278" level="INFO">hmtx subsetted</msg>
<msg timestamp="20230822 09:44:28.283" level="INFO">cmap subsetted</msg>
<msg timestamp="20230822 09:44:28.283" level="INFO">prep subsetting not needed</msg>
<msg timestamp="20230822 09:44:28.284" level="INFO">loca subsetting not needed</msg>
<msg timestamp="20230822 09:44:28.284" level="INFO">post subsetted</msg>
<msg timestamp="20230822 09:44:28.285" level="INFO">gasp subsetting not needed</msg>
<msg timestamp="20230822 09:44:28.285" level="INFO">STAT subsetting not needed</msg>
<msg timestamp="20230822 09:44:28.286" level="INFO">name subsetting not needed</msg>
<msg timestamp="20230822 09:44:28.288" level="INFO">glyf subsetted</msg>
<msg timestamp="20230822 09:44:28.290" level="INFO">head pruned</msg>
<msg timestamp="20230822 09:44:28.290" level="INFO">OS/2 Unicode ranges pruned: [0]</msg>
<msg timestamp="20230822 09:44:28.293" level="INFO">glyf pruned</msg>
<msg timestamp="20230822 09:44:28.297" level="INFO">name pruned</msg>
<msg timestamp="20230822 09:44:28.336" level="INFO">maxp pruned</msg>
<msg timestamp="20230822 09:44:28.337" level="INFO">cmap pruned</msg>
<msg timestamp="20230822 09:44:28.338" level="INFO">post pruned</msg>
<msg timestamp="20230822 09:44:28.339" level="INFO">GDEF dropped</msg>
<msg timestamp="20230822 09:44:28.339" level="INFO">GPOS dropped</msg>
<msg timestamp="20230822 09:44:28.340" level="INFO">GSUB dropped</msg>
<msg timestamp="20230822 09:44:28.349" level="INFO">glyf pruned</msg>
<msg timestamp="20230822 09:44:28.351" level="INFO">Added gid0 to subset</msg>
<msg timestamp="20230822 09:44:28.351" level="INFO">Added first four glyphs to subset</msg>
<msg timestamp="20230822 09:44:28.352" level="INFO">Closing glyph list over 'glyf': 19 glyphs before</msg>
<msg timestamp="20230822 09:44:28.352" level="INFO">Glyph names: ['.notdef', '.null', 'uni0020', 'uni0030', 'uni0031', 'uni0032', 'uni0033', 'uni0034', 'uni0035', 'uni0036', 'uni0037', 'uni0038', 'uni0039', 'uni0041', 'uni0062', 'uni006E', 'uni007B', 'uni007D', 'uni00C4']</msg>
<msg timestamp="20230822 09:44:28.353" level="INFO">Glyph IDs:   [0, 1, 2, 3, 575, 759, 1294, 1295, 1296, 1298, 1299, 1300, 1302, 1303, 1304, 1305, 1345, 1346, 1681]</msg>
<msg timestamp="20230822 09:44:28.354" level="INFO">Closed glyph list over 'glyf': 19 glyphs after</msg>
<msg timestamp="20230822 09:44:28.354" level="INFO">Glyph names: ['.notdef', '.null', 'uni0020', 'uni0030', 'uni0031', 'uni0032', 'uni0033', 'uni0034', 'uni0035', 'uni0036', 'uni0037', 'uni0038', 'uni0039', 'uni0041', 'uni0062', 'uni006E', 'uni007B', 'uni007D', 'uni00C4']</msg>
<msg timestamp="20230822 09:44:28.355" level="INFO">Glyph IDs:   [0, 1, 2, 3, 575, 759, 1294, 1295, 1296, 1298, 1299, 1300, 1302, 1303, 1304, 1305, 1345, 1346, 1681]</msg>
<msg timestamp="20230822 09:44:28.355" level="INFO">Retaining 19 glyphs</msg>
<msg timestamp="20230822 09:44:28.356" level="INFO">head subsetting not needed</msg>
<msg timestamp="20230822 09:44:28.357" level="INFO">hhea subsetting not needed</msg>
<msg timestamp="20230822 09:44:28.358" level="INFO">maxp subsetting not needed</msg>
<msg timestamp="20230822 09:44:28.359" level="INFO">OS/2 subsetting not needed</msg>
<msg timestamp="20230822 09:44:28.360" level="INFO">hmtx subsetted</msg>
<msg timestamp="20230822 09:44:28.365" level="INFO">cmap subsetted</msg>
<msg timestamp="20230822 09:44:28.365" level="INFO">prep subsetting not needed</msg>
<msg timestamp="20230822 09:44:28.366" level="INFO">loca subsetting not needed</msg>
<msg timestamp="20230822 09:44:28.366" level="INFO">post subsetted</msg>
<msg timestamp="20230822 09:44:28.367" level="INFO">gasp subsetting not needed</msg>
<msg timestamp="20230822 09:44:28.367" level="INFO">STAT subsetting not needed</msg>
<msg timestamp="20230822 09:44:28.368" level="INFO">name subsetting not needed</msg>
<msg timestamp="20230822 09:44:28.369" level="INFO">glyf subsetted</msg>
<msg timestamp="20230822 09:44:28.370" level="INFO">head pruned</msg>
<msg timestamp="20230822 09:44:28.371" level="INFO">OS/2 Unicode ranges pruned: [0]</msg>
<msg timestamp="20230822 09:44:28.373" level="INFO">glyf pruned</msg>
<msg timestamp="20230822 09:44:28.376" level="INFO">name pruned</msg>
<msg timestamp="20230822 09:44:28.400" level="INFO">maxp pruned</msg>
<msg timestamp="20230822 09:44:28.401" level="INFO">cmap pruned</msg>
<msg timestamp="20230822 09:44:28.401" level="INFO">post pruned</msg>
<msg timestamp="20230822 09:44:28.402" level="INFO">GDEF dropped</msg>
<msg timestamp="20230822 09:44:28.402" level="INFO">GPOS dropped</msg>
<msg timestamp="20230822 09:44:28.403" level="INFO">GSUB dropped</msg>
<msg timestamp="20230822 09:44:28.414" level="INFO">glyf pruned</msg>
<msg timestamp="20230822 09:44:28.425" level="INFO">Added gid0 to subset</msg>
<msg timestamp="20230822 09:44:28.425" level="INFO">Added first four glyphs to subset</msg>
<msg timestamp="20230822 09:44:28.426" level="INFO">Closing glyph list over 'glyf': 18 glyphs before</msg>
<msg timestamp="20230822 09:44:28.426" level="INFO">Glyph names: ['.notdef', '.null', 'uni0020', 'uni0030', 'uni0031', 'uni0032', 'uni0033', 'uni0034', 'uni0035', 'uni0036', 'uni0037', 'uni0038', 'uni0039', 'uni0062', 'uni006E', 'uni007B', 'uni007D', 'uni00A0']</msg>
<msg timestamp="20230822 09:44:28.427" level="INFO">Glyph IDs:   [0, 1, 2, 3, 544, 727, 1256, 1257, 1258, 1260, 1261, 1262, 1264, 1265, 1266, 1267, 1307, 1308]</msg>
<msg timestamp="20230822 09:44:28.428" level="INFO">Closed glyph list over 'glyf': 18 glyphs after</msg>
<msg timestamp="20230822 09:44:28.429" level="INFO">Glyph names: ['.notdef', '.null', 'uni0020', 'uni0030', 'uni0031', 'uni0032', 'uni0033', 'uni0034', 'uni0035', 'uni0036', 'uni0037', 'uni0038', 'uni0039', 'uni0062', 'uni006E', 'uni007B', 'uni007D', 'uni00A0']</msg>
<msg timestamp="20230822 09:44:28.429" level="INFO">Glyph IDs:   [0, 1, 2, 3, 544, 727, 1256, 1257, 1258, 1260, 1261, 1262, 1264, 1265, 1266, 1267, 1307, 1308]</msg>
<msg timestamp="20230822 09:44:28.430" level="INFO">Retaining 18 glyphs</msg>
<msg timestamp="20230822 09:44:28.431" level="INFO">head subsetting not needed</msg>
<msg timestamp="20230822 09:44:28.432" level="INFO">hhea subsetting not needed</msg>
<msg timestamp="20230822 09:44:28.433" level="INFO">maxp subsetting not needed</msg>
<msg timestamp="20230822 09:44:28.433" level="INFO">OS/2 subsetting not needed</msg>
<msg timestamp="20230822 09:44:28.434" level="INFO">hmtx subsetted</msg>
<msg timestamp="20230822 09:44:28.437" level="INFO">cmap subsetted</msg>
<msg timestamp="20230822 09:44:28.438" level="INFO">loca subsetting not needed</msg>
<msg timestamp="20230822 09:44:28.438" level="INFO">post subsetted</msg>
<msg timestamp="20230822 09:44:28.439" level="INFO">name subsetting not needed</msg>
<msg timestamp="20230822 09:44:28.442" level="INFO">glyf subsetted</msg>
<msg timestamp="20230822 09:44:28.443" level="INFO">head pruned</msg>
<msg timestamp="20230822 09:44:28.444" level="INFO">OS/2 Unicode ranges pruned: [0]</msg>
<msg timestamp="20230822 09:44:28.445" level="INFO">glyf pruned</msg>
<msg timestamp="20230822 09:44:28.447" level="INFO">name pruned</msg>
<msg timestamp="20230822 09:44:28.471" level="INFO">maxp pruned</msg>
<msg timestamp="20230822 09:44:28.472" level="INFO">cmap pruned</msg>
<msg timestamp="20230822 09:44:28.473" level="INFO">post pruned</msg>
<msg timestamp="20230822 09:44:28.473" level="INFO">GDEF dropped</msg>
<msg timestamp="20230822 09:44:28.474" level="INFO">GPOS dropped</msg>
<msg timestamp="20230822 09:44:28.474" level="INFO">GSUB dropped</msg>
<msg timestamp="20230822 09:44:28.486" level="INFO">glyf pruned</msg>
<msg timestamp="20230822 09:44:28.497" level="INFO">Added gid0 to subset</msg>
<msg timestamp="20230822 09:44:28.497" level="INFO">Added first four glyphs to subset</msg>
<msg timestamp="20230822 09:44:28.498" level="INFO">Closing glyph list over 'glyf': 18 glyphs before</msg>
<msg timestamp="20230822 09:44:28.498" level="INFO">Glyph names: ['.notdef', '.null', 'uni0020', 'uni0030', 'uni0031', 'uni0032', 'uni0033', 'uni0034', 'uni0035', 'uni0036', 'uni0037', 'uni0038', 'uni0039', 'uni0062', 'uni006E', 'uni007B', 'uni007D', 'uni00A0']</msg>
<msg timestamp="20230822 09:44:28.499" level="INFO">Glyph IDs:   [0, 1, 2, 3, 544, 727, 1256, 1257, 1258, 1260, 1261, 1262, 1264, 1265, 1266, 1267, 1307, 1308]</msg>
<msg timestamp="20230822 09:44:28.500" level="INFO">Closed glyph list over 'glyf': 18 glyphs after</msg>
<msg timestamp="20230822 09:44:28.500" level="INFO">Glyph names: ['.notdef', '.null', 'uni0020', 'uni0030', 'uni0031', 'uni0032', 'uni0033', 'uni0034', 'uni0035', 'uni0036', 'uni0037', 'uni0038', 'uni0039', 'uni0062', 'uni006E', 'uni007B', 'uni007D', 'uni00A0']</msg>
<msg timestamp="20230822 09:44:28.501" level="INFO">Glyph IDs:   [0, 1, 2, 3, 544, 727, 1256, 1257, 1258, 1260, 1261, 1262, 1264, 1265, 1266, 1267, 1307, 1308]</msg>
<msg timestamp="20230822 09:44:28.502" level="INFO">Retaining 18 glyphs</msg>
<msg timestamp="20230822 09:44:28.503" level="INFO">head subsetting not needed</msg>
<msg timestamp="20230822 09:44:28.504" level="INFO">hhea subsetting not needed</msg>
<msg timestamp="20230822 09:44:28.504" level="INFO">maxp subsetting not needed</msg>
<msg timestamp="20230822 09:44:28.505" level="INFO">OS/2 subsetting not needed</msg>
<msg timestamp="20230822 09:44:28.506" level="INFO">hmtx subsetted</msg>
<msg timestamp="20230822 09:44:28.510" level="INFO">cmap subsetted</msg>
<msg timestamp="20230822 09:44:28.510" level="INFO">loca subsetting not needed</msg>
<msg timestamp="20230822 09:44:28.511" level="INFO">post subsetted</msg>
<msg timestamp="20230822 09:44:28.512" level="INFO">name subsetting not needed</msg>
<msg timestamp="20230822 09:44:28.515" level="INFO">glyf subsetted</msg>
<msg timestamp="20230822 09:44:28.516" level="INFO">head pruned</msg>
<msg timestamp="20230822 09:44:28.517" level="INFO">OS/2 Unicode ranges pruned: [0]</msg>
<msg timestamp="20230822 09:44:28.519" level="INFO">glyf pruned</msg>
<msg timestamp="20230822 09:44:28.521" level="INFO">name pruned</msg>
<status status="PASS" starttime="20230822 09:44:27.873" endtime="20230822 09:44:28.562"/>
</kw>
<return>
<value>${pdffile_path}</value>
<status status="PASS" starttime="20230822 09:44:28.563" endtime="20230822 09:44:28.564"/>
</return>
<msg timestamp="20230822 09:44:28.566" level="INFO">${pdf} = c:\Users\E1450357\Desktop\my-rsb-robot\orders\pdf_files\2.pdf</msg>
<status status="PASS" starttime="20230822 09:44:27.836" endtime="20230822 09:44:28.566"/>
</kw>
<kw name="Embed the robot screenshot to the receipt PDF file">
<arg>${screenshot}</arg>
<arg>${pdf}</arg>
<kw name="Add Watermark Image To Pdf" library="RPA.PDF">
<arg>${screenshot}</arg>
<arg>${pdf}</arg>
<arg>${pdf}</arg>
<doc>Add an image into an existing or new PDF.</doc>
<msg timestamp="20230822 09:44:28.664" level="WARN">Object 7 0 found</msg>
<msg timestamp="20230822 09:44:28.669" level="WARN">Overwriting cache for 0 7</msg>
<msg timestamp="20230822 09:44:28.760" level="WARN">Object 14 0 found</msg>
<msg timestamp="20230822 09:44:28.764" level="WARN">Overwriting cache for 0 14</msg>
<msg timestamp="20230822 09:44:28.772" level="WARN">Object 21 0 found</msg>
<msg timestamp="20230822 09:44:28.774" level="WARN">Overwriting cache for 0 21</msg>
<msg timestamp="20230822 09:44:28.783" level="WARN">Object 28 0 found</msg>
<msg timestamp="20230822 09:44:28.786" level="WARN">Overwriting cache for 0 28</msg>
<status status="PASS" starttime="20230822 09:44:28.569" endtime="20230822 09:44:28.801"/>
</kw>
<status status="PASS" starttime="20230822 09:44:28.567" endtime="20230822 09:44:28.802"/>
</kw>
<kw name="Order another Robot">
<kw name="Wait And Click Button" library="RPA.Browser.Selenium">
<arg>id:order-another</arg>
<doc>Click button identified by ``locator``, once it becomes visible.</doc>
<msg timestamp="20230822 09:44:28.843" level="INFO">Clicking button 'id:order-another'.</msg>
<status status="PASS" starttime="20230822 09:44:28.804" endtime="20230822 09:44:29.238"/>
</kw>
<status status="PASS" starttime="20230822 09:44:28.802" endtime="20230822 09:44:29.239"/>
</kw>
<status status="PASS" starttime="20230822 09:44:22.419" endtime="20230822 09:44:29.240"/>
</iter>
<iter>
<var name="${row}">{'Order number': '3', 'Head': '6', 'Body': '2', 'Legs': '3', 'Address': 'Address 789'}</var>
<kw name="Close the annoying modal">
<kw name="Wait And Click Button" library="RPA.Browser.Selenium">
<arg>css:button.btn-warning</arg>
<doc>Click button identified by ``locator``, once it becomes visible.</doc>
<msg timestamp="20230822 09:44:29.282" level="INFO">Clicking button 'css:button.btn-warning'.</msg>
<status status="PASS" starttime="20230822 09:44:29.244" endtime="20230822 09:44:29.365"/>
</kw>
<status status="PASS" starttime="20230822 09:44:29.242" endtime="20230822 09:44:29.366"/>
</kw>
<kw name="Fill the form">
<arg>${row}</arg>
<kw name="Wait Until Element Is Visible" library="RPA.Browser.Selenium">
<arg>id:head</arg>
<doc>Waits until the element ``locator`` is visible.</doc>
<status status="PASS" starttime="20230822 09:44:29.368" endtime="20230822 09:44:29.395"/>
</kw>
<kw name="Wait Until Element Is Enabled" library="RPA.Browser.Selenium">
<arg>id:head</arg>
<doc>Waits until the element ``locator`` is enabled.</doc>
<status status="PASS" starttime="20230822 09:44:29.396" endtime="20230822 09:44:29.429"/>
</kw>
<kw name="Set Local Variable" library="BuiltIn">
<arg>${order_no}</arg>
<arg>${order}[Order number]</arg>
<doc>Makes a variable available everywhere within the local scope.</doc>
<msg timestamp="20230822 09:44:29.434" level="INFO">${order_no} = 3</msg>
<status status="PASS" starttime="20230822 09:44:29.430" endtime="20230822 09:44:29.434"/>
</kw>
<kw name="Select From List By Value" library="RPA.Browser.Selenium">
<arg>id:head</arg>
<arg>${order}[Head]</arg>
<doc>Selects options from selection list ``locator`` by ``values``.</doc>
<msg timestamp="20230822 09:44:29.436" level="INFO">Selecting options from selection list 'id:head' by value 6.</msg>
<status status="PASS" starttime="20230822 09:44:29.435" endtime="20230822 09:44:29.532"/>
</kw>
<kw name="Wait Until Element Is Enabled" library="RPA.Browser.Selenium">
<arg>body</arg>
<doc>Waits until the element ``locator`` is enabled.</doc>
<status status="PASS" starttime="20230822 09:44:29.533" endtime="20230822 09:44:29.571"/>
</kw>
<kw name="Select Radio Button" library="RPA.Browser.Selenium">
<arg>body</arg>
<arg>${order}[Body]</arg>
<doc>Sets the radio button group ``group_name`` to ``value``.</doc>
<msg timestamp="20230822 09:44:29.573" level="INFO">Selecting '2' from radio button 'body'.</msg>
<status status="PASS" starttime="20230822 09:44:29.571" endtime="20230822 09:44:29.650"/>
</kw>
<kw name="Wait Until Element Is Enabled" library="RPA.Browser.Selenium">
<arg>css:Input.form-control</arg>
<doc>Waits until the element ``locator`` is enabled.</doc>
<status status="PASS" starttime="20230822 09:44:29.650" endtime="20230822 09:44:29.685"/>
</kw>
<kw name="Input Text" library="RPA.Browser.Selenium">
<arg>css:Input.form-control</arg>
<arg>${order}[Legs]</arg>
<doc>Types the given ``text`` into the text field identified by ``locator``.</doc>
<msg timestamp="20230822 09:44:29.687" level="INFO">Typing text '3' into text field 'css:Input.form-control'.</msg>
<status status="PASS" starttime="20230822 09:44:29.685" endtime="20230822 09:44:29.789"/>
</kw>
<kw name="Wait Until Element Is Enabled" library="RPA.Browser.Selenium">
<arg>id:address</arg>
<doc>Waits until the element ``locator`` is enabled.</doc>
<status status="PASS" starttime="20230822 09:44:29.790" endtime="20230822 09:44:29.825"/>
</kw>
<kw name="Input Text" library="RPA.Browser.Selenium">
<arg>id:address</arg>
<arg>${order}[Address]</arg>
<doc>Types the given ``text`` into the text field identified by ``locator``.</doc>
<msg timestamp="20230822 09:44:29.827" level="INFO">Typing text 'Address 789' into text field 'id:address'.</msg>
<status status="PASS" starttime="20230822 09:44:29.825" endtime="20230822 09:44:29.954"/>
</kw>
<status status="PASS" starttime="20230822 09:44:29.367" endtime="20230822 09:44:29.955"/>
</kw>
<kw name="Wait Until Keyword Succeeds" library="BuiltIn">
<arg>10x</arg>
<arg>2s</arg>
<arg>Preview the robot</arg>
<doc>Runs the specified keyword and retries if it fails.</doc>
<kw name="Preview the robot">
<kw name="Wait And Click Button" library="RPA.Browser.Selenium">
<arg>id:preview</arg>
<doc>Click button identified by ``locator``, once it becomes visible.</doc>
<msg timestamp="20230822 09:44:29.984" level="INFO">Clicking button 'id:preview'.</msg>
<status status="PASS" starttime="20230822 09:44:29.959" endtime="20230822 09:44:30.072"/>
</kw>
<kw name="Wait Until Element Is Enabled" library="RPA.Browser.Selenium">
<arg>id:robot-preview-image</arg>
<doc>Waits until the element ``locator`` is enabled.</doc>
<status status="PASS" starttime="20230822 09:44:30.073" endtime="20230822 09:44:30.113"/>
</kw>
<kw name="Set Local Variable" library="BuiltIn">
<arg>${image}</arg>
<arg>id:robot-preview-image</arg>
<doc>Makes a variable available everywhere within the local scope.</doc>
<msg timestamp="20230822 09:44:30.117" level="INFO">${image} = id:robot-preview-image</msg>
<status status="PASS" starttime="20230822 09:44:30.114" endtime="20230822 09:44:30.118"/>
</kw>
<status status="PASS" starttime="20230822 09:44:29.957" endtime="20230822 09:44:30.118"/>
</kw>
<status status="PASS" starttime="20230822 09:44:29.956" endtime="20230822 09:44:30.119"/>
</kw>
<kw name="Wait Until Keyword Succeeds" library="BuiltIn">
<arg>10x</arg>
<arg>2s</arg>
<arg>Submit The Order</arg>
<doc>Runs the specified keyword and retries if it fails.</doc>
<kw name="Submit The Order">
<kw name="Mute Run On Failure" library="RPA.RobotLogListener">
<arg>Page Should Contain Element</arg>
<doc>Set keywords which should not execute `SeleniumLibrary`
default behaviour of running keyword on failure.</doc>
<kw name="Get Library Instance" library="BuiltIn">
<arg>RPA.Browser</arg>
<doc>Returns the currently active instance of the specified library.</doc>
<msg timestamp="20230822 09:44:30.126" level="FAIL">No library 'RPA.Browser' found.</msg>
<status status="FAIL" starttime="20230822 09:44:30.124" endtime="20230822 09:44:30.127"/>
</kw>
<kw name="Get Library Instance" library="BuiltIn">
<arg>RPA.Browser.Selenium</arg>
<doc>Returns the currently active instance of the specified library.</doc>
<status status="PASS" starttime="20230822 09:44:30.129" endtime="20230822 09:44:30.130"/>
</kw>
<status status="PASS" starttime="20230822 09:44:30.122" endtime="20230822 09:44:30.131"/>
</kw>
<kw name="Wait And Click Button" library="RPA.Browser.Selenium">
<arg>id:order</arg>
<doc>Click button identified by ``locator``, once it becomes visible.</doc>
<msg timestamp="20230822 09:44:30.164" level="INFO">Clicking button 'id:order'.</msg>
<status status="PASS" starttime="20230822 09:44:30.131" endtime="20230822 09:44:30.258"/>
</kw>
<kw name="Page Should Contain Element" library="RPA.Browser.Selenium">
<arg>id:receipt</arg>
<doc>Verifies that element ``locator`` is found on the current page.</doc>
<msg timestamp="20230822 09:44:30.259" level="INFO">No keyword will be run on failure.</msg>
<msg timestamp="20230822 09:44:30.259" level="INFO">No keyword will be run on failure.</msg>
<msg timestamp="20230822 09:44:30.259" level="INFO">No keyword will be run on failure.</msg>
<msg timestamp="20230822 09:44:30.260" level="INFO">No keyword will be run on failure.</msg>
<msg timestamp="20230822 09:44:30.260" level="INFO">No keyword will be run on failure.</msg>
<msg timestamp="20230822 09:44:30.280" level="FAIL">Page should have contained element 'id:receipt' but did not.</msg>
<status status="FAIL" starttime="20230822 09:44:30.259" endtime="20230822 09:44:30.282"/>
</kw>
<status status="FAIL" starttime="20230822 09:44:30.121" endtime="20230822 09:44:30.285"/>
</kw>
<kw name="Submit The Order">
<kw name="Mute Run On Failure" library="RPA.RobotLogListener">
<arg>Page Should Contain Element</arg>
<doc>Set keywords which should not execute `SeleniumLibrary`
default behaviour of running keyword on failure.</doc>
<kw name="Get Library Instance" library="BuiltIn">
<arg>RPA.Browser</arg>
<doc>Returns the currently active instance of the specified library.</doc>
<msg timestamp="20230822 09:44:32.301" level="FAIL">No library 'RPA.Browser' found.</msg>
<status status="FAIL" starttime="20230822 09:44:32.299" endtime="20230822 09:44:32.302"/>
</kw>
<kw name="Get Library Instance" library="BuiltIn">
<arg>RPA.Browser.Selenium</arg>
<doc>Returns the currently active instance of the specified library.</doc>
<status status="PASS" starttime="20230822 09:44:32.302" endtime="20230822 09:44:32.304"/>
</kw>
<status status="PASS" starttime="20230822 09:44:32.297" endtime="20230822 09:44:32.304"/>
</kw>
<kw name="Wait And Click Button" library="RPA.Browser.Selenium">
<arg>id:order</arg>
<doc>Click button identified by ``locator``, once it becomes visible.</doc>
<msg timestamp="20230822 09:44:32.413" level="INFO">Clicking button 'id:order'.</msg>
<status status="PASS" starttime="20230822 09:44:32.305" endtime="20230822 09:44:32.523"/>
</kw>
<kw name="Page Should Contain Element" library="RPA.Browser.Selenium">
<arg>id:receipt</arg>
<doc>Verifies that element ``locator`` is found on the current page.</doc>
<msg timestamp="20230822 09:44:32.525" level="INFO">No keyword will be run on failure.</msg>
<msg timestamp="20230822 09:44:32.525" level="INFO">No keyword will be run on failure.</msg>
<msg timestamp="20230822 09:44:32.525" level="INFO">No keyword will be run on failure.</msg>
<msg timestamp="20230822 09:44:32.526" level="INFO">No keyword will be run on failure.</msg>
<msg timestamp="20230822 09:44:32.526" level="INFO">No keyword will be run on failure.</msg>
<msg timestamp="20230822 09:44:32.526" level="INFO">No keyword will be run on failure.</msg>
<msg timestamp="20230822 09:44:32.546" level="FAIL">Page should have contained element 'id:receipt' but did not.</msg>
<status status="FAIL" starttime="20230822 09:44:32.524" endtime="20230822 09:44:32.547"/>
</kw>
<status status="FAIL" starttime="20230822 09:44:32.296" endtime="20230822 09:44:32.549"/>
</kw>
<kw name="Submit The Order">
<kw name="Mute Run On Failure" library="RPA.RobotLogListener">
<arg>Page Should Contain Element</arg>
<doc>Set keywords which should not execute `SeleniumLibrary`
default behaviour of running keyword on failure.</doc>
<kw name="Get Library Instance" library="BuiltIn">
<arg>RPA.Browser</arg>
<doc>Returns the currently active instance of the specified library.</doc>
<msg timestamp="20230822 09:44:34.562" level="FAIL">No library 'RPA.Browser' found.</msg>
<status status="FAIL" starttime="20230822 09:44:34.561" endtime="20230822 09:44:34.562"/>
</kw>
<kw name="Get Library Instance" library="BuiltIn">
<arg>RPA.Browser.Selenium</arg>
<doc>Returns the currently active instance of the specified library.</doc>
<status status="PASS" starttime="20230822 09:44:34.563" endtime="20230822 09:44:34.564"/>
</kw>
<status status="PASS" starttime="20230822 09:44:34.560" endtime="20230822 09:44:34.564"/>
</kw>
<kw name="Wait And Click Button" library="RPA.Browser.Selenium">
<arg>id:order</arg>
<doc>Click button identified by ``locator``, once it becomes visible.</doc>
<msg timestamp="20230822 09:44:34.587" level="INFO">Clicking button 'id:order'.</msg>
<status status="PASS" starttime="20230822 09:44:34.565" endtime="20230822 09:44:34.652"/>
</kw>
<kw name="Page Should Contain Element" library="RPA.Browser.Selenium">
<arg>id:receipt</arg>
<doc>Verifies that element ``locator`` is found on the current page.</doc>
<msg timestamp="20230822 09:44:34.654" level="INFO">No keyword will be run on failure.</msg>
<msg timestamp="20230822 09:44:34.654" level="INFO">No keyword will be run on failure.</msg>
<msg timestamp="20230822 09:44:34.654" level="INFO">No keyword will be run on failure.</msg>
<msg timestamp="20230822 09:44:34.654" level="INFO">No keyword will be run on failure.</msg>
<msg timestamp="20230822 09:44:34.654" level="INFO">No keyword will be run on failure.</msg>
[...]
<msg timestamp="20230822 09:46:11.090" level="INFO">GPOS dropped</msg>
<msg timestamp="20230822 09:46:11.092" level="INFO">GSUB dropped</msg>
<msg timestamp="20230822 09:46:11.100" level="INFO">glyf pruned</msg>
<msg timestamp="20230822 09:46:11.108" level="INFO">Added gid0 to subset</msg>
<msg timestamp="20230822 09:46:11.109" level="INFO">Added first four glyphs to subset</msg>
<msg timestamp="20230822 09:46:11.110" level="INFO">Closing glyph list over 'glyf': 18 glyphs before</msg>
<msg timestamp="20230822 09:46:11.110" level="INFO">Glyph names: ['.notdef', '.null', 'uni0020', 'uni0030', 'uni0031', 'uni0032', 'uni0033', 'uni0034', 'uni0035', 'uni0036', 'uni0037', 'uni0038', 'uni0039', 'uni0062', 'uni006E', 'uni007B', 'uni007D', 'uni00A0']</msg>
<msg timestamp="20230822 09:46:11.111" level="INFO">Glyph IDs:   [0, 1, 2, 3, 544, 727, 1256, 1257, 1258, 1260, 1261, 1262, 1264, 1265, 1266, 1267, 1307, 1308]</msg>
<msg timestamp="20230822 09:46:11.111" level="INFO">Closed glyph list over 'glyf': 18 glyphs after</msg>
<msg timestamp="20230822 09:46:11.112" level="INFO">Glyph names: ['.notdef', '.null', 'uni0020', 'uni0030', 'uni0031', 'uni0032', 'uni0033', 'uni0034', 'uni0035', 'uni0036', 'uni0037', 'uni0038', 'uni0039', 'uni0062', 'uni006E', 'uni007B', 'uni007D', 'uni00A0']</msg>
<msg timestamp="20230822 09:46:11.112" level="INFO">Glyph IDs:   [0, 1, 2, 3, 544, 727, 1256, 1257, 1258, 1260, 1261, 1262, 1264, 1265, 1266, 1267, 1307, 1308]</msg>
<msg timestamp="20230822 09:46:11.113" level="INFO">Retaining 18 glyphs</msg>
<msg timestamp="20230822 09:46:11.114" level="INFO">head subsetting not needed</msg>
<msg timestamp="20230822 09:46:11.115" level="INFO">hhea subsetting not needed</msg>
<msg timestamp="20230822 09:46:11.115" level="INFO">maxp subsetting not needed</msg>
<msg timestamp="20230822 09:46:11.116" level="INFO">OS/2 subsetting not needed</msg>
<msg timestamp="20230822 09:46:11.117" level="INFO">hmtx subsetted</msg>
<msg timestamp="20230822 09:46:11.123" level="INFO">cmap subsetted</msg>
<msg timestamp="20230822 09:46:11.124" level="INFO">loca subsetting not needed</msg>
<msg timestamp="20230822 09:46:11.125" level="INFO">post subsetted</msg>
<msg timestamp="20230822 09:46:11.125" level="INFO">name subsetting not needed</msg>
<msg timestamp="20230822 09:46:11.128" level="INFO">glyf subsetted</msg>
<msg timestamp="20230822 09:46:11.130" level="INFO">head pruned</msg>
<msg timestamp="20230822 09:46:11.130" level="INFO">OS/2 Unicode ranges pruned: [0]</msg>
<msg timestamp="20230822 09:46:11.132" level="INFO">glyf pruned</msg>
<msg timestamp="20230822 09:46:11.133" level="INFO">name pruned</msg>
<status status="PASS" starttime="20230822 09:46:10.602" endtime="20230822 09:46:11.234"/>
</kw>
<return>
<value>${pdffile_path}</value>
<status status="PASS" starttime="20230822 09:46:11.235" endtime="20230822 09:46:11.236"/>
</return>
<msg timestamp="20230822 09:46:11.238" level="INFO">${pdf} = c:\Users\E1450357\Desktop\my-rsb-robot\orders\pdf_files\20.pdf</msg>
<status status="PASS" starttime="20230822 09:46:10.563" endtime="20230822 09:46:11.238"/>
</kw>
<kw name="Embed the robot screenshot to the receipt PDF file">
<arg>${screenshot}</arg>
<arg>${pdf}</arg>
<kw name="Add Watermark Image To Pdf" library="RPA.PDF">
<arg>${screenshot}</arg>
<arg>${pdf}</arg>
<arg>${pdf}</arg>
<doc>Add an image into an existing or new PDF.</doc>
<msg timestamp="20230822 09:46:11.382" level="WARN">Object 7 0 found</msg>
<msg timestamp="20230822 09:46:11.384" level="WARN">Overwriting cache for 0 7</msg>
<msg timestamp="20230822 09:46:11.391" level="WARN">Object 14 0 found</msg>
<msg timestamp="20230822 09:46:11.393" level="WARN">Overwriting cache for 0 14</msg>
<msg timestamp="20230822 09:46:11.400" level="WARN">Object 21 0 found</msg>
<msg timestamp="20230822 09:46:11.402" level="WARN">Overwriting cache for 0 21</msg>
<msg timestamp="20230822 09:46:11.414" level="WARN">Object 28 0 found</msg>
<msg timestamp="20230822 09:46:11.416" level="WARN">Overwriting cache for 0 28</msg>
<status status="PASS" starttime="20230822 09:46:11.245" endtime="20230822 09:46:11.430"/>
</kw>
<status status="PASS" starttime="20230822 09:46:11.239" endtime="20230822 09:46:11.431"/>
</kw>
<kw name="Order another Robot">
<kw name="Wait And Click Button" library="RPA.Browser.Selenium">
<arg>id:order-another</arg>
<doc>Click button identified by ``locator``, once it becomes visible.</doc>
<msg timestamp="20230822 09:46:11.461" level="INFO">Clicking button 'id:order-another'.</msg>
<status status="PASS" starttime="20230822 09:46:11.434" endtime="20230822 09:46:11.836"/>
</kw>
<status status="PASS" starttime="20230822 09:46:11.432" endtime="20230822 09:46:11.837"/>
</kw>
<status status="PASS" starttime="20230822 09:46:07.321" endtime="20230822 09:46:11.838"/>
</iter>
<status status="PASS" starttime="20230822 09:44:15.058" endtime="20230822 09:46:11.838"/>
</for>
<kw name="Create a ZIP file of receipt PDF files">
<kw name="Set Local Variable" library="BuiltIn">
<arg>${zip_file}</arg>
<arg>c:\\Users\\E1450357\\Desktop\\my-rsb-robot\\orders${/}output${/}receipts.zip</arg>
<doc>Makes a variable available everywhere within the local scope.</doc>
<msg timestamp="20230822 09:46:11.846" level="INFO">${zip_file} = c:\Users\E1450357\Desktop\my-rsb-robot\orders\output\receipts.zip</msg>
<status status="PASS" starttime="20230822 09:46:11.841" endtime="20230822 09:46:11.847"/>
</kw>
<kw name="Archive Folder With Zip" library="RPA.Archive">
<arg>c:\\Users\\E1450357\\Desktop\\my-rsb-robot\\orders${/}pdf_files</arg>
<arg>${zip_file}</arg>
<arg>recursive=True</arg>
<arg>include=*.pdf</arg>
<doc>Create a zip archive of a folder</doc>
<status status="PASS" starttime="20230822 09:46:11.848" endtime="20230822 09:46:11.895"/>
</kw>
<status status="PASS" starttime="20230822 09:46:11.840" endtime="20230822 09:46:11.896"/>
</kw>
<kw name="Close The Browser" type="TEARDOWN">
<kw name="Close Browser" library="RPA.Browser.Selenium">
<doc>Closes the current browser.</doc>
<status status="PASS" starttime="20230822 09:46:11.900" endtime="20230822 09:46:14.423"/>
</kw>
<status status="PASS" starttime="20230822 09:46:11.898" endtime="20230822 09:46:14.425"/>
</kw>
<status status="PASS" starttime="20230822 09:44:05.903" endtime="20230822 09:46:14.425"/>
</test>
<doc>Orders robots from RobotSpareBin Industries Inc.
Saves the order HTML receipt as a PDF file.
Saves the screenshot of the ordered robot.
Embeds the screenshot of the robot to the PDF receipt.
Creates ZIP archive of the receipts and the images.</doc>
<status status="PASS" starttime="20230822 09:43:53.699" endtime="20230822 09:46:14.428"/>
</suite>
<statistics>
<total>
<stat pass="1" fail="0" skip="0">All Tasks</stat>
</total>
<tag>
</tag>
<suite>
<stat pass="1" fail="0" skip="0" id="s1" name="Tasks">Tasks</stat>
</suite>
</statistics>
<errors>
<msg timestamp="20230822 09:44:21.986" level="WARN">Object 7 0 found</msg>
<msg timestamp="20230822 09:44:21.989" level="WARN">Overwriting cache for 0 7</msg>
<msg timestamp="20230822 09:44:21.996" level="WARN">Object 14 0 found</msg>
<msg timestamp="20230822 09:44:22.000" level="WARN">Overwriting cache for 0 14</msg>
<msg timestamp="20230822 09:44:22.008" level="WARN">Object 21 0 found</msg>
<msg timestamp="20230822 09:44:22.010" level="WARN">Overwriting cache for 0 21</msg>
<msg timestamp="20230822 09:44:22.018" level="WARN">Object 28 0 found</msg>
<msg timestamp="20230822 09:44:22.020" level="WARN">Overwriting cache for 0 28</msg>
<msg timestamp="20230822 09:44:28.664" level="WARN">Object 7 0 found</msg>
<msg timestamp="20230822 09:44:28.669" level="WARN">Overwriting cache for 0 7</msg>
<msg timestamp="20230822 09:44:28.760" level="WARN">Object 14 0 found</msg>
<msg timestamp="20230822 09:44:28.764" level="WARN">Overwriting cache for 0 14</msg>
<msg timestamp="20230822 09:44:28.772" level="WARN">Object 21 0 found</msg>
<msg timestamp="20230822 09:44:28.774" level="WARN">Overwriting cache for 0 21</msg>
<msg timestamp="20230822 09:44:28.783" level="WARN">Object 28 0 found</msg>
<msg timestamp="20230822 09:44:28.786" level="WARN">Overwriting cache for 0 28</msg>
<msg timestamp="20230822 09:44:37.463" level="WARN">Object 7 0 found</msg>
<msg timestamp="20230822 09:44:37.520" level="WARN">Overwriting cache for 0 7</msg>
<msg timestamp="20230822 09:44:37.527" level="WARN">Object 14 0 found</msg>
<msg timestamp="20230822 09:44:37.530" level="WARN">Overwriting cache for 0 14</msg>
<msg timestamp="20230822 09:44:37.536" level="WARN">Object 21 0 found</msg>
<msg timestamp="20230822 09:44:37.538" level="WARN">Overwriting cache for 0 21</msg>
<msg timestamp="20230822 09:44:37.546" level="WARN">Object 28 0 found</msg>
<msg timestamp="20230822 09:44:37.548" level="WARN">Overwriting cache for 0 28</msg>
<msg timestamp="20230822 09:44:43.911" level="WARN">Object 7 0 found</msg>
<msg timestamp="20230822 09:44:43.930" level="WARN">Overwriting cache for 0 7</msg>
<msg timestamp="20230822 09:44:43.936" level="WARN">Object 14 0 found</msg>
<msg timestamp="20230822 09:44:43.967" level="WARN">Overwriting cache for 0 14</msg>
<msg timestamp="20230822 09:44:43.974" level="WARN">Object 21 0 found</msg>
<msg timestamp="20230822 09:44:43.976" level="WARN">Overwriting cache for 0 21</msg>
<msg timestamp="20230822 09:44:43.982" level="WARN">Object 28 0 found</msg>
<msg timestamp="20230822 09:44:43.984" level="WARN">Overwriting cache for 0 28</msg>
<msg timestamp="20230822 09:44:50.378" level="WARN">Object 7 0 found</msg>
<msg timestamp="20230822 09:44:50.381" level="WARN">Overwriting cache for 0 7</msg>
<msg timestamp="20230822 09:44:50.389" level="WARN">Object 14 0 found</msg>
<msg timestamp="20230822 09:44:50.392" level="WARN">Overwriting cache for 0 14</msg>
<msg timestamp="20230822 09:44:50.399" level="WARN">Object 21 0 found</msg>
<msg timestamp="20230822 09:44:50.402" level="WARN">Overwriting cache for 0 21</msg>
<msg timestamp="20230822 09:44:50.409" level="WARN">Object 28 0 found</msg>
<msg timestamp="20230822 09:44:50.411" level="WARN">Overwriting cache for 0 28</msg>
<msg timestamp="20230822 09:44:54.872" level="WARN">Object 7 0 found</msg>
<msg timestamp="20230822 09:44:54.875" level="WARN">Overwriting cache for 0 7</msg>
<msg timestamp="20230822 09:44:54.883" level="WARN">Object 14 0 found</msg>
<msg timestamp="20230822 09:44:54.886" level="WARN">Overwriting cache for 0 14</msg>
<msg timestamp="20230822 09:44:54.892" level="WARN">Object 21 0 found</msg>
<msg timestamp="20230822 09:44:54.895" level="WARN">Overwriting cache for 0 21</msg>
<msg timestamp="20230822 09:44:54.901" level="WARN">Object 28 0 found</msg>
<msg timestamp="20230822 09:44:54.904" level="WARN">Overwriting cache for 0 28</msg>
<msg timestamp="20230822 09:44:59.505" level="WARN">Object 7 0 found</msg>
<msg timestamp="20230822 09:44:59.507" level="WARN">Overwriting cache for 0 7</msg>
<msg timestamp="20230822 09:44:59.514" level="WARN">Object 14 0 found</msg>
<msg timestamp="20230822 09:44:59.516" level="WARN">Overwriting cache for 0 14</msg>
<msg timestamp="20230822 09:44:59.524" level="WARN">Object 21 0 found</msg>
<msg timestamp="20230822 09:44:59.526" level="WARN">Overwriting cache for 0 21</msg>
<msg timestamp="20230822 09:44:59.533" level="WARN">Object 28 0 found</msg>
<msg timestamp="20230822 09:44:59.535" level="WARN">Overwriting cache for 0 28</msg>
<msg timestamp="20230822 09:45:06.398" level="WARN">Object 7 0 found</msg>
<msg timestamp="20230822 09:45:06.401" level="WARN">Overwriting cache for 0 7</msg>
<msg timestamp="20230822 09:45:06.417" level="WARN">Object 14 0 found</msg>
<msg timestamp="20230822 09:45:06.424" level="WARN">Overwriting cache for 0 14</msg>
<msg timestamp="20230822 09:45:06.450" level="WARN">Object 21 0 found</msg>
<msg timestamp="20230822 09:45:06.452" level="WARN">Overwriting cache for 0 21</msg>
<msg timestamp="20230822 09:45:06.462" level="WARN">Object 28 0 found</msg>
<msg timestamp="20230822 09:45:06.465" level="WARN">Overwriting cache for 0 28</msg>
<msg timestamp="20230822 09:45:10.920" level="WARN">Object 7 0 found</msg>
<msg timestamp="20230822 09:45:10.922" level="WARN">Overwriting cache for 0 7</msg>
<msg timestamp="20230822 09:45:10.928" level="WARN">Object 14 0 found</msg>
<msg timestamp="20230822 09:45:10.931" level="WARN">Overwriting cache for 0 14</msg>
<msg timestamp="20230822 09:45:10.940" level="WARN">Object 21 0 found</msg>
<msg timestamp="20230822 09:45:10.942" level="WARN">Overwriting cache for 0 21</msg>
<msg timestamp="20230822 09:45:10.948" level="WARN">Object 28 0 found</msg>
<msg timestamp="20230822 09:45:10.952" level="WARN">Overwriting cache for 0 28</msg>
<msg timestamp="20230822 09:45:19.622" level="WARN">Object 7 0 found</msg>
<msg timestamp="20230822 09:45:19.625" level="WARN">Overwriting cache for 0 7</msg>
<msg timestamp="20230822 09:45:19.631" level="WARN">Object 14 0 found</msg>
<msg timestamp="20230822 09:45:19.634" level="WARN">Overwriting cache for 0 14</msg>
<msg timestamp="20230822 09:45:19.639" level="WARN">Object 21 0 found</msg>
<msg timestamp="20230822 09:45:19.641" level="WARN">Overwriting cache for 0 21</msg>
<msg timestamp="20230822 09:45:19.648" level="WARN">Object 28 0 found</msg>
<msg timestamp="20230822 09:45:19.650" level="WARN">Overwriting cache for 0 28</msg>
<msg timestamp="20230822 09:45:24.308" level="WARN">Object 7 0 found</msg>
<msg timestamp="20230822 09:45:24.311" level="WARN">Overwriting cache for 0 7</msg>
<msg timestamp="20230822 09:45:24.318" level="WARN">Object 14 0 found</msg>
<msg timestamp="20230822 09:45:24.320" level="WARN">Overwriting cache for 0 14</msg>
<msg timestamp="20230822 09:45:24.327" level="WARN">Object 21 0 found</msg>
<msg timestamp="20230822 09:45:24.329" level="WARN">Overwriting cache for 0 21</msg>
<msg timestamp="20230822 09:45:24.336" level="WARN">Object 28 0 found</msg>
<msg timestamp="20230822 09:45:24.338" level="WARN">Overwriting cache for 0 28</msg>
<msg timestamp="20230822 09:45:28.751" level="WARN">Object 7 0 found</msg>
<msg timestamp="20230822 09:45:28.756" level="WARN">Overwriting cache for 0 7</msg>
<msg timestamp="20230822 09:45:28.784" level="WARN">Object 14 0 found</msg>
<msg timestamp="20230822 09:45:28.787" level="WARN">Overwriting cache for 0 14</msg>
<msg timestamp="20230822 09:45:28.795" level="WARN">Object 21 0 found</msg>
<msg timestamp="20230822 09:45:28.798" level="WARN">Overwriting cache for 0 21</msg>
<msg timestamp="20230822 09:45:28.814" level="WARN">Object 28 0 found</msg>
<msg timestamp="20230822 09:45:28.817" level="WARN">Overwriting cache for 0 28</msg>
<msg timestamp="20230822 09:45:35.623" level="WARN">Object 7 0 found</msg>
<msg timestamp="20230822 09:45:35.645" level="WARN">Overwriting cache for 0 7</msg>
<msg timestamp="20230822 09:45:35.653" level="WARN">Object 14 0 found</msg>
<msg timestamp="20230822 09:45:35.655" level="WARN">Overwriting cache for 0 14</msg>
<msg timestamp="20230822 09:45:35.661" level="WARN">Object 21 0 found</msg>
<msg timestamp="20230822 09:45:35.664" level="WARN">Overwriting cache for 0 21</msg>
<msg timestamp="20230822 09:45:35.671" level="WARN">Object 28 0 found</msg>
<msg timestamp="20230822 09:45:35.673" level="WARN">Overwriting cache for 0 28</msg>
<msg timestamp="20230822 09:45:42.362" level="WARN">Object 7 0 found</msg>
<msg timestamp="20230822 09:45:42.378" level="WARN">Overwriting cache for 0 7</msg>
<msg timestamp="20230822 09:45:42.384" level="WARN">Object 14 0 found</msg>
<msg timestamp="20230822 09:45:42.460" level="WARN">Overwriting cache for 0 14</msg>
<msg timestamp="20230822 09:45:42.467" level="WARN">Object 21 0 found</msg>
<msg timestamp="20230822 09:45:42.469" level="WARN">Overwriting cache for 0 21</msg>
<msg timestamp="20230822 09:45:42.476" level="WARN">Object 28 0 found</msg>
<msg timestamp="20230822 09:45:42.478" level="WARN">Overwriting cache for 0 28</msg>
<msg timestamp="20230822 09:45:46.777" level="WARN">Object 7 0 found</msg>
<msg timestamp="20230822 09:45:46.780" level="WARN">Overwriting cache for 0 7</msg>
<msg timestamp="20230822 09:45:46.794" level="WARN">Object 14 0 found</msg>
<msg timestamp="20230822 09:45:46.797" level="WARN">Overwriting cache for 0 14</msg>
<msg timestamp="20230822 09:45:46.809" level="WARN">Object 21 0 found</msg>
<msg timestamp="20230822 09:45:46.811" level="WARN">Overwriting cache for 0 21</msg>
<msg timestamp="20230822 09:45:46.819" level="WARN">Object 28 0 found</msg>
<msg timestamp="20230822 09:45:46.822" level="WARN">Overwriting cache for 0 28</msg>
<msg timestamp="20230822 09:45:51.422" level="WARN">Object 7 0 found</msg>
<msg timestamp="20230822 09:45:51.426" level="WARN">Overwriting cache for 0 7</msg>
<msg timestamp="20230822 09:45:51.432" level="WARN">Object 14 0 found</msg>
<msg timestamp="20230822 09:45:51.448" level="WARN">Overwriting cache for 0 14</msg>
<msg timestamp="20230822 09:45:51.460" level="WARN">Object 21 0 found</msg>
<msg timestamp="20230822 09:45:51.462" level="WARN">Overwriting cache for 0 21</msg>
<msg timestamp="20230822 09:45:51.472" level="WARN">Object 28 0 found</msg>
<msg timestamp="20230822 09:45:51.475" level="WARN">Overwriting cache for 0 28</msg>
<msg timestamp="20230822 09:45:55.744" level="WARN">Object 7 0 found</msg>
<msg timestamp="20230822 09:45:55.747" level="WARN">Overwriting cache for 0 7</msg>
<msg timestamp="20230822 09:45:55.757" level="WARN">Object 14 0 found</msg>
<msg timestamp="20230822 09:45:55.759" level="WARN">Overwriting cache for 0 14</msg>
<msg timestamp="20230822 09:45:55.766" level="WARN">Object 21 0 found</msg>
<msg timestamp="20230822 09:45:55.768" level="WARN">Overwriting cache for 0 21</msg>
<msg timestamp="20230822 09:45:55.774" level="WARN">Object 28 0 found</msg>
<msg timestamp="20230822 09:45:55.776" level="WARN">Overwriting cache for 0 28</msg>
<msg timestamp="20230822 09:46:00.089" level="WARN">Object 7 0 found</msg>
<msg timestamp="20230822 09:46:00.091" level="WARN">Overwriting cache for 0 7</msg>
<msg timestamp="20230822 09:46:00.100" level="WARN">Object 14 0 found</msg>
<msg timestamp="20230822 09:46:00.102" level="WARN">Overwriting cache for 0 14</msg>
<msg timestamp="20230822 09:46:00.109" level="WARN">Object 21 0 found</msg>
<msg timestamp="20230822 09:46:00.111" level="WARN">Overwriting cache for 0 21</msg>
<msg timestamp="20230822 09:46:00.117" level="WARN">Object 28 0 found</msg>
<msg timestamp="20230822 09:46:00.120" level="WARN">Overwriting cache for 0 28</msg>
<msg timestamp="20230822 09:46:06.846" level="WARN">Object 7 0 found</msg>
<msg timestamp="20230822 09:46:06.849" level="WARN">Overwriting cache for 0 7</msg>
<msg timestamp="20230822 09:46:06.857" level="WARN">Object 14 0 found</msg>
<msg timestamp="20230822 09:46:06.859" level="WARN">Overwriting cache for 0 14</msg>
<msg timestamp="20230822 09:46:06.866" level="WARN">Object 21 0 found</msg>
<msg timestamp="20230822 09:46:06.869" level="WARN">Overwriting cache for 0 21</msg>
<msg timestamp="20230822 09:46:06.876" level="WARN">Object 28 0 found</msg>
<msg timestamp="20230822 09:46:06.878" level="WARN">Overwriting cache for 0 28</msg>
<msg timestamp="20230822 09:46:11.382" level="WARN">Object 7 0 found</msg>
<msg timestamp="20230822 09:46:11.384" level="WARN">Overwriting cache for 0 7</msg>
<msg timestamp="20230822 09:46:11.391" level="WARN">Object 14 0 found</msg>
<msg timestamp="20230822 09:46:11.393" level="WARN">Overwriting cache for 0 14</msg>
<msg timestamp="20230822 09:46:11.400" level="WARN">Object 21 0 found</msg>
<msg timestamp="20230822 09:46:11.402" level="WARN">Overwriting cache for 0 21</msg>
<msg timestamp="20230822 09:46:11.414" level="WARN">Object 28 0 found</msg>
<msg timestamp="20230822 09:46:11.416" level="WARN">Overwriting cache for 0 28</msg>
</errors>
</robot>
